{"C:\\Users\\34645\\Carlos-Solis-Final-Project-front-202309-mad\\src\\components\\header\\header.tsx": {"path":"C:\\Users\\34645\\Carlos-Solis-Final-Project-front-202309-mad\\src\\components\\header\\header.tsx","statementMap":{"0":{"start":{"line":1,"column":0},"end":{"line":1,"column":51}},"1":{"start":{"line":2,"column":0},"end":{"line":2,"column":61}},"2":{"start":{"line":3,"column":0},"end":{"line":3,"column":42}},"3":{"start":{"line":4,"column":0},"end":{"line":4,"column":40}},"4":{"start":{"line":7,"column":29},"end":{"line":7,"column":39}},"5":{"start":{"line":8,"column":2},"end":{"line":42,"column":4}},"6":{"start":{"line":6,"column":0},"end":{"line":6,"column":16}}},"fnMap":{"0":{"name":"Header","decl":{"start":{"line":6,"column":16},"end":{"line":6,"column":22}},"loc":{"start":{"line":6,"column":22},"end":{"line":43,"column":1}}}},"branchMap":{"0":{"loc":{"start":{"line":10,"column":7},"end":{"line":23,"column":null}},"type":"binary-expr","locations":[{"start":{"line":10,"column":7},"end":{"line":10,"column":34}},{"start":{"line":11,"column":8},"end":{"line":22,"column":null}}]},"1":{"loc":{"start":{"line":26,"column":7},"end":{"line":39,"column":null}},"type":"binary-expr","locations":[{"start":{"line":26,"column":7},"end":{"line":26,"column":34}},{"start":{"line":27,"column":8},"end":{"line":38,"column":null}}]}},"s":{"0":1,"1":1,"2":1,"3":1,"4":3,"5":0,"6":1},"f":{"0":3},"b":{"0":[0,0],"1":[0,0]}}
,"C:\\Users\\34645\\Carlos-Solis-Final-Project-front-202309-mad\\src\\components\\login\\login.tsx": {"path":"C:\\Users\\34645\\Carlos-Solis-Final-Project-front-202309-mad\\src\\components\\login\\login.tsx","statementMap":{"0":{"start":{"line":1,"column":0},"end":{"line":1,"column":60}},"1":{"start":{"line":3,"column":0},"end":{"line":3,"column":51}},"2":{"start":{"line":5,"column":0},"end":{"line":5,"column":53}},"3":{"start":{"line":8,"column":19},"end":{"line":8,"column":32}},"4":{"start":{"line":9,"column":34},"end":{"line":9,"column":49}},"5":{"start":{"line":10,"column":20},"end":{"line":10,"column":30}},"6":{"start":{"line":12,"column":23},"end":{"line":22,"column":3}},"7":{"start":{"line":13,"column":4},"end":{"line":13,"column":27}},"8":{"start":{"line":14,"column":24},"end":{"line":14,"column":55}},"9":{"start":{"line":15,"column":21},"end":{"line":15,"column":46}},"10":{"start":{"line":16,"column":33},"end":{"line":19,"column":6}},"11":{"start":{"line":20,"column":4},"end":{"line":20,"column":21}},"12":{"start":{"line":21,"column":4},"end":{"line":21,"column":22}},"13":{"start":{"line":23,"column":2},"end":{"line":27,"column":27}},"14":{"start":{"line":24,"column":4},"end":{"line":26,"column":5}},"15":{"start":{"line":25,"column":6},"end":{"line":25,"column":24}},"16":{"start":{"line":28,"column":2},"end":{"line":54,"column":4}},"17":{"start":{"line":7,"column":0},"end":{"line":7,"column":16}}},"fnMap":{"0":{"name":"Login","decl":{"start":{"line":7,"column":16},"end":{"line":7,"column":21}},"loc":{"start":{"line":7,"column":21},"end":{"line":55,"column":1}}},"1":{"name":"(anonymous_1)","decl":{"start":{"line":12,"column":23},"end":{"line":12,"column":24}},"loc":{"start":{"line":12,"column":49},"end":{"line":22,"column":3}}},"2":{"name":"(anonymous_2)","decl":{"start":{"line":23,"column":12},"end":{"line":23,"column":15}},"loc":{"start":{"line":23,"column":17},"end":{"line":27,"column":3}}}},"branchMap":{"0":{"loc":{"start":{"line":24,"column":4},"end":{"line":26,"column":5}},"type":"if","locations":[{"start":{"line":24,"column":4},"end":{"line":26,"column":5}}]},"1":{"loc":{"start":{"line":31,"column":7},"end":{"line":51,"column":null}},"type":"binary-expr","locations":[{"start":{"line":31,"column":7},"end":{"line":31,"column":16}},{"start":{"line":32,"column":8},"end":{"line":50,"column":null}}]}},"s":{"0":1,"1":1,"2":1,"3":1,"4":1,"5":1,"6":1,"7":0,"8":0,"9":0,"10":0,"11":0,"12":0,"13":1,"14":1,"15":0,"16":1,"17":1},"f":{"0":1,"1":0,"2":1},"b":{"0":[0],"1":[1,1]}}
,"C:\\Users\\34645\\Carlos-Solis-Final-Project-front-202309-mad\\src\\components\\logoutButton\\logout.button.tsx": {"path":"C:\\Users\\34645\\Carlos-Solis-Final-Project-front-202309-mad\\src\\components\\logoutButton\\logout.button.tsx","statementMap":{"0":{"start":{"line":1,"column":0},"end":{"line":1,"column":51}},"1":{"start":{"line":2,"column":0},"end":{"line":2,"column":49}},"2":{"start":{"line":5,"column":37},"end":{"line":5,"column":47}},"3":{"start":{"line":7,"column":2},"end":{"line":22,"column":4}},"4":{"start":{"line":4,"column":0},"end":{"line":4,"column":16}}},"fnMap":{"0":{"name":"LogoutButton","decl":{"start":{"line":4,"column":16},"end":{"line":4,"column":28}},"loc":{"start":{"line":4,"column":28},"end":{"line":23,"column":1}}}},"branchMap":{"0":{"loc":{"start":{"line":9,"column":7},"end":{"line":19,"column":null}},"type":"binary-expr","locations":[{"start":{"line":9,"column":7},"end":{"line":9,"column":34}},{"start":{"line":10,"column":8},"end":{"line":18,"column":null}}]}},"s":{"0":1,"1":1,"2":0,"3":0,"4":1},"f":{"0":0},"b":{"0":[0,0]}}
,"C:\\Users\\34645\\Carlos-Solis-Final-Project-front-202309-mad\\src\\components\\pages\\error.page.tsx": {"path":"C:\\Users\\34645\\Carlos-Solis-Final-Project-front-202309-mad\\src\\components\\pages\\error.page.tsx","statementMap":{"0":{"start":{"line":4,"column":2},"end":{"line":8,"column":4}},"1":{"start":{"line":3,"column":0},"end":{"line":3,"column":24}}},"fnMap":{"0":{"name":"ErrorPage","decl":{"start":{"line":3,"column":24},"end":{"line":3,"column":33}},"loc":{"start":{"line":3,"column":33},"end":{"line":9,"column":1}}}},"branchMap":{},"s":{"0":1,"1":1},"f":{"0":1},"b":{}}
,"C:\\Users\\34645\\Carlos-Solis-Final-Project-front-202309-mad\\src\\components\\pages\\login.page.tsx": {"path":"C:\\Users\\34645\\Carlos-Solis-Final-Project-front-202309-mad\\src\\components\\pages\\login.page.tsx","statementMap":{"0":{"start":{"line":1,"column":0},"end":{"line":1,"column":60}},"1":{"start":{"line":4,"column":2},"end":{"line":8,"column":4}},"2":{"start":{"line":3,"column":0},"end":{"line":3,"column":24}}},"fnMap":{"0":{"name":"LoginPage","decl":{"start":{"line":3,"column":24},"end":{"line":3,"column":33}},"loc":{"start":{"line":3,"column":33},"end":{"line":9,"column":1}}}},"branchMap":{},"s":{"0":1,"1":1,"2":1},"f":{"0":1},"b":{}}
,"C:\\Users\\34645\\Carlos-Solis-Final-Project-front-202309-mad\\src\\components\\pages\\register.page.tsx": {"path":"C:\\Users\\34645\\Carlos-Solis-Final-Project-front-202309-mad\\src\\components\\pages\\register.page.tsx","statementMap":{"0":{"start":{"line":1,"column":0},"end":{"line":1,"column":69}},"1":{"start":{"line":4,"column":2},"end":{"line":8,"column":4}},"2":{"start":{"line":3,"column":0},"end":{"line":3,"column":24}}},"fnMap":{"0":{"name":"RegisterPage","decl":{"start":{"line":3,"column":24},"end":{"line":3,"column":36}},"loc":{"start":{"line":3,"column":36},"end":{"line":9,"column":1}}}},"branchMap":{},"s":{"0":1,"1":1,"2":1},"f":{"0":1},"b":{}}
,"C:\\Users\\34645\\Carlos-Solis-Final-Project-front-202309-mad\\src\\components\\register\\register.tsx": {"path":"C:\\Users\\34645\\Carlos-Solis-Final-Project-front-202309-mad\\src\\components\\register\\register.tsx","statementMap":{"0":{"start":{"line":1,"column":0},"end":{"line":1,"column":49}},"1":{"start":{"line":2,"column":0},"end":{"line":2,"column":51}},"2":{"start":{"line":3,"column":0},"end":{"line":3,"column":54}},"3":{"start":{"line":5,"column":0},"end":{"line":5,"column":40}},"4":{"start":{"line":8,"column":40},"end":{"line":8,"column":55}},"5":{"start":{"line":9,"column":23},"end":{"line":9,"column":33}},"6":{"start":{"line":11,"column":23},"end":{"line":24,"column":3}},"7":{"start":{"line":12,"column":4},"end":{"line":12,"column":27}},"8":{"start":{"line":13,"column":24},"end":{"line":13,"column":55}},"9":{"start":{"line":14,"column":17},"end":{"line":21,"column":23}},"10":{"start":{"line":22,"column":4},"end":{"line":22,"column":19}},"11":{"start":{"line":23,"column":4},"end":{"line":23,"column":25}},"12":{"start":{"line":26,"column":24},"end":{"line":28,"column":3}},"13":{"start":{"line":27,"column":4},"end":{"line":27,"column":26}},"14":{"start":{"line":30,"column":2},"end":{"line":60,"column":4}},"15":{"start":{"line":7,"column":0},"end":{"line":7,"column":16}}},"fnMap":{"0":{"name":"Register","decl":{"start":{"line":7,"column":16},"end":{"line":7,"column":24}},"loc":{"start":{"line":7,"column":24},"end":{"line":61,"column":1}}},"1":{"name":"(anonymous_1)","decl":{"start":{"line":11,"column":23},"end":{"line":11,"column":24}},"loc":{"start":{"line":11,"column":49},"end":{"line":24,"column":3}}},"2":{"name":"(anonymous_2)","decl":{"start":{"line":26,"column":24},"end":{"line":26,"column":27}},"loc":{"start":{"line":26,"column":29},"end":{"line":28,"column":3}}}},"branchMap":{"0":{"loc":{"start":{"line":33,"column":7},"end":{"line":45,"column":null}},"type":"binary-expr","locations":[{"start":{"line":33,"column":7},"end":{"line":33,"column":19}},{"start":{"line":34,"column":8},"end":{"line":44,"column":null}}]},"1":{"loc":{"start":{"line":47,"column":7},"end":{"line":57,"column":null}},"type":"binary-expr","locations":[{"start":{"line":47,"column":7},"end":{"line":47,"column":18}},{"start":{"line":48,"column":8},"end":{"line":56,"column":null}}]}},"s":{"0":2,"1":2,"2":2,"3":2,"4":6,"5":6,"6":6,"7":2,"8":2,"9":2,"10":2,"11":2,"12":6,"13":1,"14":6,"15":2},"f":{"0":6,"1":2,"2":1},"b":{"0":[6,4],"1":[6,2]}}
,"C:\\Users\\34645\\Carlos-Solis-Final-Project-front-202309-mad\\src\\hooks\\users.hooks.tsx": {"path":"C:\\Users\\34645\\Carlos-Solis-Final-Project-front-202309-mad\\src\\hooks\\users.hooks.tsx","statementMap":{"0":{"start":{"line":1,"column":0},"end":{"line":1,"column":55}},"1":{"start":{"line":2,"column":0},"end":{"line":2,"column":58}},"2":{"start":{"line":3,"column":0},"end":{"line":3,"column":65}},"3":{"start":{"line":5,"column":0},"end":{"line":5,"column":42}},"4":{"start":{"line":9,"column":19},"end":{"line":9,"column":45}},"5":{"start":{"line":10,"column":15},"end":{"line":10,"column":33}},"6":{"start":{"line":11,"column":41},"end":{"line":12,"column":null}},"7":{"start":{"line":12,"column":26},"end":{"line":12,"column":42}},"8":{"start":{"line":15,"column":19},"end":{"line":17,"column":3}},"9":{"start":{"line":16,"column":4},"end":{"line":16,"column":68}},"10":{"start":{"line":19,"column":16},"end":{"line":21,"column":3}},"11":{"start":{"line":20,"column":4},"end":{"line":20,"column":46}},"12":{"start":{"line":23,"column":17},"end":{"line":26,"column":3}},"13":{"start":{"line":24,"column":4},"end":{"line":24,"column":26}},"14":{"start":{"line":25,"column":4},"end":{"line":25,"column":29}},"15":{"start":{"line":28,"column":2},"end":{"line":34,"column":4}},"16":{"start":{"line":8,"column":0},"end":{"line":8,"column":16}}},"fnMap":{"0":{"name":"useUsers","decl":{"start":{"line":8,"column":16},"end":{"line":8,"column":24}},"loc":{"start":{"line":8,"column":24},"end":{"line":35,"column":1}}},"1":{"name":"(anonymous_1)","decl":{"start":{"line":12,"column":4},"end":{"line":12,"column":5}},"loc":{"start":{"line":12,"column":26},"end":{"line":12,"column":42}}},"2":{"name":"(anonymous_2)","decl":{"start":{"line":15,"column":19},"end":{"line":15,"column":20}},"loc":{"start":{"line":15,"column":53},"end":{"line":17,"column":3}}},"3":{"name":"(anonymous_3)","decl":{"start":{"line":19,"column":16},"end":{"line":19,"column":17}},"loc":{"start":{"line":19,"column":41},"end":{"line":21,"column":3}}},"4":{"name":"(anonymous_4)","decl":{"start":{"line":23,"column":17},"end":{"line":23,"column":20}},"loc":{"start":{"line":23,"column":22},"end":{"line":26,"column":3}}}},"branchMap":{},"s":{"0":5,"1":5,"2":5,"3":5,"4":8,"5":5,"6":5,"7":10,"8":5,"9":1,"10":5,"11":1,"12":5,"13":1,"14":1,"15":5,"16":5},"f":{"0":8,"1":10,"2":1,"3":1,"4":1},"b":{}}
,"C:\\Users\\34645\\Carlos-Solis-Final-Project-front-202309-mad\\src\\services\\api.repo.users.ts": {"path":"C:\\Users\\34645\\Carlos-Solis-Final-Project-front-202309-mad\\src\\services\\api.repo.users.ts","statementMap":{"0":{"start":{"line":1,"column":0},"end":{"line":1,"column":38}},"1":{"start":{"line":6,"column":2},"end":{"line":6,"column":null}},"2":{"start":{"line":9,"column":21},"end":{"line":9,"column":45}},"3":{"start":{"line":10,"column":4},"end":{"line":11,"column":67}},"4":{"start":{"line":11,"column":6},"end":{"line":11,"column":67}},"5":{"start":{"line":12,"column":4},"end":{"line":12,"column":27}},"6":{"start":{"line":16,"column":16},"end":{"line":16,"column":41}},"7":{"start":{"line":17,"column":21},"end":{"line":21,"column":6}},"8":{"start":{"line":22,"column":4},"end":{"line":23,"column":67}},"9":{"start":{"line":23,"column":6},"end":{"line":23,"column":67}},"10":{"start":{"line":24,"column":4},"end":{"line":24,"column":27}},"11":{"start":{"line":28,"column":16},"end":{"line":28,"column":38}},"12":{"start":{"line":29,"column":21},"end":{"line":35,"column":6}},"13":{"start":{"line":36,"column":4},"end":{"line":37,"column":67}},"14":{"start":{"line":37,"column":6},"end":{"line":37,"column":67}},"15":{"start":{"line":38,"column":4},"end":{"line":38,"column":27}},"16":{"start":{"line":5,"column":0},"end":{"line":5,"column":13}}},"fnMap":{"0":{"name":"(anonymous_0)","decl":{"start":{"line":5,"column":0},"end":{"line":5,"column":13}},"loc":{"start":{"line":5,"column":0},"end":{"line":40,"column":1}}},"1":{"name":"(anonymous_1)","decl":{"start":{"line":8,"column":2},"end":{"line":8,"column":7}},"loc":{"start":{"line":8,"column":16},"end":{"line":13,"column":3}}},"2":{"name":"(anonymous_2)","decl":{"start":{"line":15,"column":2},"end":{"line":15,"column":7}},"loc":{"start":{"line":15,"column":39},"end":{"line":25,"column":3}}},"3":{"name":"(anonymous_3)","decl":{"start":{"line":27,"column":2},"end":{"line":27,"column":7}},"loc":{"start":{"line":27,"column":34},"end":{"line":39,"column":3}}}},"branchMap":{"0":{"loc":{"start":{"line":10,"column":4},"end":{"line":11,"column":67}},"type":"if","locations":[{"start":{"line":10,"column":4},"end":{"line":11,"column":67}}]},"1":{"loc":{"start":{"line":22,"column":4},"end":{"line":23,"column":67}},"type":"if","locations":[{"start":{"line":22,"column":4},"end":{"line":23,"column":67}}]},"2":{"loc":{"start":{"line":36,"column":4},"end":{"line":37,"column":67}},"type":"if","locations":[{"start":{"line":36,"column":4},"end":{"line":37,"column":67}}]}},"s":{"0":6,"1":7,"2":2,"3":2,"4":1,"5":1,"6":2,"7":2,"8":2,"9":1,"10":1,"11":2,"12":2,"13":2,"14":1,"15":1,"16":6},"f":{"0":7,"1":2,"2":2,"3":2},"b":{"0":[1],"1":[1],"2":[1]}}
,"C:\\Users\\34645\\Carlos-Solis-Final-Project-front-202309-mad\\src\\slice\\monuments.slice.tsx": {"path":"C:\\Users\\34645\\Carlos-Solis-Final-Project-front-202309-mad\\src\\slice\\monuments.slice.tsx","statementMap":{"0":{"start":{"line":1,"column":0},"end":{"line":1,"column":62}},"1":{"start":{"line":3,"column":0},"end":{"line":3,"column":null}},"2":{"start":{"line":20,"column":37},"end":{"line":27,"column":2}},"3":{"start":{"line":29,"column":13},"end":{"line":117,"column":3}},"4":{"start":{"line":37,"column":6},"end":{"line":37,"column":38}},"5":{"start":{"line":38,"column":6},"end":{"line":38,"column":19}},"6":{"start":{"line":43,"column":4},"end":{"line":46,"column":7}},"7":{"start":{"line":44,"column":6},"end":{"line":44,"column":38}},"8":{"start":{"line":45,"column":6},"end":{"line":45,"column":19}},"9":{"start":{"line":48,"column":4},"end":{"line":55,"column":6}},"10":{"start":{"line":51,"column":8},"end":{"line":51,"column":39}},"11":{"start":{"line":52,"column":8},"end":{"line":52,"column":34}},"12":{"start":{"line":53,"column":8},"end":{"line":53,"column":21}},"13":{"start":{"line":57,"column":4},"end":{"line":60,"column":7}},"14":{"start":{"line":58,"column":6},"end":{"line":58,"column":36}},"15":{"start":{"line":59,"column":6},"end":{"line":59,"column":19}},"16":{"start":{"line":62,"column":4},"end":{"line":65,"column":7}},"17":{"start":{"line":63,"column":6},"end":{"line":63,"column":38}},"18":{"start":{"line":64,"column":6},"end":{"line":64,"column":19}},"19":{"start":{"line":67,"column":4},"end":{"line":74,"column":6}},"20":{"start":{"line":70,"column":8},"end":{"line":70,"column":39}},"21":{"start":{"line":71,"column":8},"end":{"line":71,"column":40}},"22":{"start":{"line":72,"column":8},"end":{"line":72,"column":21}},"23":{"start":{"line":76,"column":4},"end":{"line":79,"column":7}},"24":{"start":{"line":77,"column":6},"end":{"line":77,"column":36}},"25":{"start":{"line":78,"column":6},"end":{"line":78,"column":19}},"26":{"start":{"line":81,"column":4},"end":{"line":90,"column":6}},"27":{"start":{"line":84,"column":8},"end":{"line":87,"column":10}},"28":{"start":{"line":85,"column":46},"end":{"line":85,"column":65}},"29":{"start":{"line":88,"column":8},"end":{"line":88,"column":21}},"30":{"start":{"line":92,"column":4},"end":{"line":98,"column":6}},"31":{"start":{"line":94,"column":47},"end":{"line":97,"column":8}},"32":{"start":{"line":99,"column":4},"end":{"line":110,"column":6}},"33":{"start":{"line":103,"column":10},"end":{"line":104,"column":null}},"34":{"start":{"line":104,"column":48},"end":{"line":104,"column":70}},"35":{"start":{"line":106,"column":8},"end":{"line":106,"column":44}},"36":{"start":{"line":107,"column":8},"end":{"line":107,"column":45}},"37":{"start":{"line":108,"column":8},"end":{"line":108,"column":21}},"38":{"start":{"line":112,"column":4},"end":{"line":115,"column":7}},"39":{"start":{"line":113,"column":6},"end":{"line":113,"column":44}},"40":{"start":{"line":114,"column":6},"end":{"line":114,"column":19}},"41":{"start":{"line":119,"column":0},"end":{"line":119,"column":38}},"42":{"start":{"line":120,"column":15},"end":{"line":120,"column":65}}},"fnMap":{"0":{"name":"(anonymous_0)","decl":{"start":{"line":33,"column":4},"end":{"line":33,"column":26}},"loc":{"start":{"line":35,"column":49},"end":{"line":39,"column":5}}},"1":{"name":"(anonymous_1)","decl":{"start":{"line":42,"column":2},"end":{"line":42,"column":15}},"loc":{"start":{"line":42,"column":23},"end":{"line":116,"column":3}}},"2":{"name":"(anonymous_2)","decl":{"start":{"line":43,"column":48},"end":{"line":43,"column":49}},"loc":{"start":{"line":43,"column":74},"end":{"line":46,"column":5}}},"3":{"name":"(anonymous_3)","decl":{"start":{"line":50,"column":6},"end":{"line":50,"column":7}},"loc":{"start":{"line":50,"column":72},"end":{"line":54,"column":7}}},"4":{"name":"(anonymous_4)","decl":{"start":{"line":57,"column":49},"end":{"line":57,"column":50}},"loc":{"start":{"line":57,"column":75},"end":{"line":60,"column":5}}},"5":{"name":"(anonymous_5)","decl":{"start":{"line":62,"column":50},"end":{"line":62,"column":51}},"loc":{"start":{"line":62,"column":76},"end":{"line":65,"column":5}}},"6":{"name":"(anonymous_6)","decl":{"start":{"line":69,"column":6},"end":{"line":69,"column":7}},"loc":{"start":{"line":69,"column":70},"end":{"line":73,"column":7}}},"7":{"name":"(anonymous_7)","decl":{"start":{"line":76,"column":51},"end":{"line":76,"column":52}},"loc":{"start":{"line":76,"column":77},"end":{"line":79,"column":5}}},"8":{"name":"(anonymous_8)","decl":{"start":{"line":83,"column":6},"end":{"line":83,"column":7}},"loc":{"start":{"line":83,"column":76},"end":{"line":89,"column":7}}},"9":{"name":"(anonymous_9)","decl":{"start":{"line":85,"column":36},"end":{"line":85,"column":37}},"loc":{"start":{"line":85,"column":46},"end":{"line":85,"column":65}}},"10":{"name":"(anonymous_10)","decl":{"start":{"line":94,"column":6},"end":{"line":94,"column":7}},"loc":{"start":{"line":94,"column":47},"end":{"line":97,"column":8}}},"11":{"name":"(anonymous_11)","decl":{"start":{"line":101,"column":6},"end":{"line":101,"column":7}},"loc":{"start":{"line":101,"column":70},"end":{"line":109,"column":7}}},"12":{"name":"(anonymous_12)","decl":{"start":{"line":104,"column":38},"end":{"line":104,"column":39}},"loc":{"start":{"line":104,"column":48},"end":{"line":104,"column":70}}},"13":{"name":"(anonymous_13)","decl":{"start":{"line":112,"column":49},"end":{"line":112,"column":50}},"loc":{"start":{"line":112,"column":75},"end":{"line":115,"column":5}}}},"branchMap":{},"s":{"0":6,"1":6,"2":6,"3":6,"4":0,"5":0,"6":6,"7":2,"8":2,"9":6,"10":1,"11":1,"12":1,"13":6,"14":1,"15":1,"16":6,"17":2,"18":2,"19":6,"20":1,"21":1,"22":1,"23":6,"24":1,"25":1,"26":6,"27":1,"28":0,"29":1,"30":6,"31":1,"32":6,"33":1,"34":1,"35":1,"36":1,"37":1,"38":6,"39":1,"40":1,"41":6,"42":6},"f":{"0":0,"1":6,"2":2,"3":1,"4":1,"5":2,"6":1,"7":1,"8":1,"9":0,"10":1,"11":1,"12":1,"13":1},"b":{}}
,"C:\\Users\\34645\\Carlos-Solis-Final-Project-front-202309-mad\\src\\slice\\monuments.thunk.ts": {"path":"C:\\Users\\34645\\Carlos-Solis-Final-Project-front-202309-mad\\src\\slice\\monuments.thunk.ts","statementMap":{"0":{"start":{"line":1,"column":0},"end":{"line":1,"column":52}},"1":{"start":{"line":5,"column":13},"end":{"line":11,"column":3}},"2":{"start":{"line":9,"column":20},"end":{"line":9,"column":48}},"3":{"start":{"line":10,"column":2},"end":{"line":10,"column":19}},"4":{"start":{"line":13,"column":13},"end":{"line":19,"column":3}},"5":{"start":{"line":17,"column":19},"end":{"line":17,"column":49}},"6":{"start":{"line":18,"column":2},"end":{"line":18,"column":18}},"7":{"start":{"line":21,"column":13},"end":{"line":27,"column":3}},"8":{"start":{"line":25,"column":25},"end":{"line":25,"column":65}},"9":{"start":{"line":26,"column":2},"end":{"line":26,"column":24}},"10":{"start":{"line":29,"column":13},"end":{"line":35,"column":3}},"11":{"start":{"line":33,"column":25},"end":{"line":33,"column":72}},"12":{"start":{"line":34,"column":2},"end":{"line":34,"column":24}},"13":{"start":{"line":37,"column":13},"end":{"line":43,"column":3}},"14":{"start":{"line":41,"column":2},"end":{"line":41,"column":32}},"15":{"start":{"line":42,"column":2},"end":{"line":42,"column":12}}},"fnMap":{"0":{"name":"(anonymous_0)","decl":{"start":{"line":8,"column":20},"end":{"line":8,"column":25}},"loc":{"start":{"line":8,"column":35},"end":{"line":11,"column":1}}},"1":{"name":"(anonymous_1)","decl":{"start":{"line":16,"column":19},"end":{"line":16,"column":24}},"loc":{"start":{"line":16,"column":42},"end":{"line":19,"column":1}}},"2":{"name":"(anonymous_2)","decl":{"start":{"line":24,"column":22},"end":{"line":24,"column":27}},"loc":{"start":{"line":24,"column":56},"end":{"line":27,"column":1}}},"3":{"name":"(anonymous_3)","decl":{"start":{"line":32,"column":22},"end":{"line":32,"column":27}},"loc":{"start":{"line":32,"column":63},"end":{"line":35,"column":1}}},"4":{"name":"(anonymous_4)","decl":{"start":{"line":40,"column":12},"end":{"line":40,"column":17}},"loc":{"start":{"line":40,"column":35},"end":{"line":43,"column":1}}}},"branchMap":{},"s":{"0":6,"1":6,"2":2,"3":1,"4":6,"5":2,"6":1,"7":6,"8":1,"9":1,"10":6,"11":1,"12":1,"13":6,"14":1,"15":1},"f":{"0":2,"1":2,"2":1,"3":1,"4":1},"b":{}}
,"C:\\Users\\34645\\Carlos-Solis-Final-Project-front-202309-mad\\src\\slice\\users.slice.ts": {"path":"C:\\Users\\34645\\Carlos-Solis-Final-Project-front-202309-mad\\src\\slice\\users.slice.ts","statementMap":{"0":{"start":{"line":1,"column":0},"end":{"line":1,"column":62}},"1":{"start":{"line":4,"column":0},"end":{"line":4,"column":58}},"2":{"start":{"line":16,"column":33},"end":{"line":21,"column":2}},"3":{"start":{"line":23,"column":19},"end":{"line":62,"column":2}},"4":{"start":{"line":28,"column":6},"end":{"line":28,"column":35}},"5":{"start":{"line":31,"column":6},"end":{"line":31,"column":25}},"6":{"start":{"line":34,"column":6},"end":{"line":34,"column":30}},"7":{"start":{"line":35,"column":6},"end":{"line":35,"column":25}},"8":{"start":{"line":40,"column":4},"end":{"line":42,"column":7}},"9":{"start":{"line":41,"column":6},"end":{"line":41,"column":39}},"10":{"start":{"line":43,"column":4},"end":{"line":49,"column":7}},"11":{"start":{"line":44,"column":6},"end":{"line":44,"column":37}},"12":{"start":{"line":45,"column":6},"end":{"line":45,"column":30}},"13":{"start":{"line":46,"column":6},"end":{"line":46,"column":25}},"14":{"start":{"line":48,"column":6},"end":{"line":48,"column":19}},"15":{"start":{"line":50,"column":4},"end":{"line":57,"column":6}},"16":{"start":{"line":53,"column":8},"end":{"line":53,"column":40}},"17":{"start":{"line":54,"column":8},"end":{"line":54,"column":40}},"18":{"start":{"line":55,"column":8},"end":{"line":55,"column":36}},"19":{"start":{"line":58,"column":4},"end":{"line":60,"column":7}},"20":{"start":{"line":59,"column":6},"end":{"line":59,"column":46}},"21":{"start":{"line":64,"column":0},"end":{"line":64,"column":34}},"22":{"start":{"line":65,"column":13},"end":{"line":65,"column":37}},"23":{"start":{"line":66,"column":13},"end":{"line":66,"column":48}},"24":{"start":{"line":67,"column":15},"end":{"line":67,"column":47}}},"fnMap":{"0":{"name":"(anonymous_0)","decl":{"start":{"line":27,"column":4},"end":{"line":27,"column":12}},"loc":{"start":{"line":27,"column":26},"end":{"line":29,"column":5}}},"1":{"name":"(anonymous_1)","decl":{"start":{"line":30,"column":4},"end":{"line":30,"column":14}},"loc":{"start":{"line":30,"column":20},"end":{"line":32,"column":5}}},"2":{"name":"(anonymous_2)","decl":{"start":{"line":33,"column":4},"end":{"line":33,"column":10}},"loc":{"start":{"line":33,"column":28},"end":{"line":36,"column":5}}},"3":{"name":"(anonymous_3)","decl":{"start":{"line":39,"column":2},"end":{"line":39,"column":15}},"loc":{"start":{"line":39,"column":23},"end":{"line":61,"column":3}}},"4":{"name":"(anonymous_4)","decl":{"start":{"line":40,"column":40},"end":{"line":40,"column":41}},"loc":{"start":{"line":40,"column":62},"end":{"line":42,"column":5}}},"5":{"name":"(anonymous_5)","decl":{"start":{"line":43,"column":41},"end":{"line":43,"column":42}},"loc":{"start":{"line":43,"column":63},"end":{"line":49,"column":5}}},"6":{"name":"(anonymous_6)","decl":{"start":{"line":52,"column":6},"end":{"line":52,"column":7}},"loc":{"start":{"line":52,"column":71},"end":{"line":56,"column":7}}},"7":{"name":"(anonymous_7)","decl":{"start":{"line":58,"column":45},"end":{"line":58,"column":46}},"loc":{"start":{"line":58,"column":55},"end":{"line":60,"column":5}}}},"branchMap":{},"s":{"0":8,"1":8,"2":8,"3":8,"4":0,"5":0,"6":0,"7":0,"8":6,"9":0,"10":6,"11":0,"12":0,"13":0,"14":0,"15":6,"16":0,"17":0,"18":0,"19":6,"20":0,"21":8,"22":8,"23":8,"24":8},"f":{"0":0,"1":0,"2":0,"3":6,"4":0,"5":0,"6":0,"7":0},"b":{}}
,"C:\\Users\\34645\\Carlos-Solis-Final-Project-front-202309-mad\\src\\slice\\users.thunk.tsx": {"path":"C:\\Users\\34645\\Carlos-Solis-Final-Project-front-202309-mad\\src\\slice\\users.thunk.tsx","statementMap":{"0":{"start":{"line":1,"column":0},"end":{"line":1,"column":52}},"1":{"start":{"line":5,"column":0},"end":{"line":5,"column":39}},"2":{"start":{"line":7,"column":13},"end":{"line":14,"column":3}},"3":{"start":{"line":11,"column":24},"end":{"line":11,"column":51}},"4":{"start":{"line":13,"column":2},"end":{"line":13,"column":23}},"5":{"start":{"line":16,"column":13},"end":{"line":23,"column":3}},"6":{"start":{"line":20,"column":27},"end":{"line":20,"column":60}},"7":{"start":{"line":22,"column":2},"end":{"line":22,"column":26}},"8":{"start":{"line":25,"column":13},"end":{"line":31,"column":2}},"9":{"start":{"line":28,"column":4},"end":{"line":28,"column":23}},"10":{"start":{"line":29,"column":4},"end":{"line":29,"column":28}}},"fnMap":{"0":{"name":"(anonymous_0)","decl":{"start":{"line":10,"column":17},"end":{"line":10,"column":22}},"loc":{"start":{"line":10,"column":47},"end":{"line":14,"column":1}}},"1":{"name":"(anonymous_1)","decl":{"start":{"line":19,"column":20},"end":{"line":19,"column":25}},"loc":{"start":{"line":19,"column":53},"end":{"line":23,"column":1}}},"2":{"name":"(anonymous_2)","decl":{"start":{"line":27,"column":2},"end":{"line":27,"column":7}},"loc":{"start":{"line":27,"column":28},"end":{"line":30,"column":3}}}},"branchMap":{},"s":{"0":8,"1":8,"2":8,"3":0,"4":0,"5":8,"6":0,"7":0,"8":8,"9":0,"10":0},"f":{"0":0,"1":0,"2":0},"b":{}}
}
