{"C:\\Users\\34645\\Carlos-Solis-Final-Project-front-202309-mad\\src\\components\\card\\card.tsx": {"path":"C:\\Users\\34645\\Carlos-Solis-Final-Project-front-202309-mad\\src\\components\\card\\card.tsx","statementMap":{"0":{"start":{"line":2,"column":0},"end":{"line":2,"column":40}},"1":{"start":{"line":4,"column":0},"end":{"line":4,"column":59}},"2":{"start":{"line":5,"column":0},"end":{"line":5,"column":40}},"3":{"start":{"line":12,"column":32},"end":{"line":12,"column":46}},"4":{"start":{"line":14,"column":2},"end":{"line":48,"column":4}},"5":{"start":{"line":39,"column":29},"end":{"line":39,"column":56}},"6":{"start":{"line":11,"column":0},"end":{"line":11,"column":16}}},"fnMap":{"0":{"name":"Card","decl":{"start":{"line":11,"column":16},"end":{"line":11,"column":20}},"loc":{"start":{"line":11,"column":40},"end":{"line":49,"column":1}}},"1":{"name":"(anonymous_2)","decl":{"start":{"line":39,"column":23},"end":{"line":39,"column":26}},"loc":{"start":{"line":39,"column":29},"end":{"line":39,"column":56}}}},"branchMap":{},"s":{"0":2,"1":2,"2":2,"3":1,"4":1,"5":0,"6":2},"f":{"0":1,"1":0},"b":{}}
,"C:\\Users\\34645\\Carlos-Solis-Final-Project-front-202309-mad\\src\\components\\details\\details.tsx": {"path":"C:\\Users\\34645\\Carlos-Solis-Final-Project-front-202309-mad\\src\\components\\details\\details.tsx","statementMap":{"0":{"start":{"line":1,"column":0},"end":{"line":1,"column":42}},"1":{"start":{"line":3,"column":0},"end":{"line":3,"column":43}},"2":{"start":{"line":4,"column":0},"end":{"line":4,"column":59}},"3":{"start":{"line":5,"column":0},"end":{"line":5,"column":53}},"4":{"start":{"line":8,"column":19},"end":{"line":8,"column":32}},"5":{"start":{"line":9,"column":30},"end":{"line":10,"column":null}},"6":{"start":{"line":10,"column":26},"end":{"line":10,"column":46}},"7":{"start":{"line":12,"column":56},"end":{"line":12,"column":70}},"8":{"start":{"line":13,"column":23},"end":{"line":16,"column":3}},"9":{"start":{"line":14,"column":4},"end":{"line":14,"column":40}},"10":{"start":{"line":15,"column":4},"end":{"line":15,"column":23}},"11":{"start":{"line":18,"column":23},"end":{"line":20,"column":3}},"12":{"start":{"line":19,"column":4},"end":{"line":19,"column":49}},"13":{"start":{"line":22,"column":2},"end":{"line":66,"column":4}},"14":{"start":{"line":7,"column":0},"end":{"line":7,"column":16}}},"fnMap":{"0":{"name":"Details","decl":{"start":{"line":7,"column":16},"end":{"line":7,"column":23}},"loc":{"start":{"line":7,"column":23},"end":{"line":67,"column":1}}},"1":{"name":"(anonymous_2)","decl":{"start":{"line":10,"column":4},"end":{"line":10,"column":5}},"loc":{"start":{"line":10,"column":26},"end":{"line":10,"column":46}}},"2":{"name":"(anonymous_3)","decl":{"start":{"line":13,"column":23},"end":{"line":13,"column":26}},"loc":{"start":{"line":13,"column":28},"end":{"line":16,"column":3}}},"3":{"name":"(anonymous_4)","decl":{"start":{"line":18,"column":23},"end":{"line":18,"column":26}},"loc":{"start":{"line":18,"column":28},"end":{"line":20,"column":3}}}},"branchMap":{},"s":{"0":1,"1":1,"2":1,"3":1,"4":1,"5":1,"6":2,"7":1,"8":1,"9":0,"10":0,"11":1,"12":0,"13":1,"14":1},"f":{"0":1,"1":2,"2":0,"3":0},"b":{}}
,"C:\\Users\\34645\\Carlos-Solis-Final-Project-front-202309-mad\\src\\components\\footer\\footer.tsx": {"path":"C:\\Users\\34645\\Carlos-Solis-Final-Project-front-202309-mad\\src\\components\\footer\\footer.tsx","statementMap":{"0":{"start":{"line":1,"column":0},"end":{"line":1,"column":42}},"1":{"start":{"line":2,"column":0},"end":{"line":2,"column":40}},"2":{"start":{"line":4,"column":2},"end":{"line":15,"column":4}},"3":{"start":{"line":3,"column":0},"end":{"line":3,"column":16}}},"fnMap":{"0":{"name":"Footer","decl":{"start":{"line":3,"column":16},"end":{"line":3,"column":22}},"loc":{"start":{"line":3,"column":22},"end":{"line":16,"column":1}}}},"branchMap":{},"s":{"0":1,"1":1,"2":1,"3":1},"f":{"0":1},"b":{}}
,"C:\\Users\\34645\\Carlos-Solis-Final-Project-front-202309-mad\\src\\components\\header\\header.tsx": {"path":"C:\\Users\\34645\\Carlos-Solis-Final-Project-front-202309-mad\\src\\components\\header\\header.tsx","statementMap":{"0":{"start":{"line":1,"column":0},"end":{"line":1,"column":51}},"1":{"start":{"line":2,"column":0},"end":{"line":2,"column":61}},"2":{"start":{"line":3,"column":0},"end":{"line":3,"column":42}},"3":{"start":{"line":4,"column":0},"end":{"line":4,"column":40}},"4":{"start":{"line":7,"column":29},"end":{"line":7,"column":39}},"5":{"start":{"line":8,"column":2},"end":{"line":42,"column":4}},"6":{"start":{"line":6,"column":0},"end":{"line":6,"column":16}}},"fnMap":{"0":{"name":"Header","decl":{"start":{"line":6,"column":16},"end":{"line":6,"column":22}},"loc":{"start":{"line":6,"column":22},"end":{"line":43,"column":1}}}},"branchMap":{"0":{"loc":{"start":{"line":10,"column":7},"end":{"line":23,"column":null}},"type":"binary-expr","locations":[{"start":{"line":10,"column":7},"end":{"line":10,"column":34}},{"start":{"line":11,"column":8},"end":{"line":22,"column":null}}]},"1":{"loc":{"start":{"line":26,"column":7},"end":{"line":39,"column":null}},"type":"binary-expr","locations":[{"start":{"line":26,"column":7},"end":{"line":26,"column":34}},{"start":{"line":27,"column":8},"end":{"line":38,"column":null}}]}},"s":{"0":2,"1":2,"2":2,"3":2,"4":2,"5":2,"6":2},"f":{"0":2},"b":{"0":[2,1],"1":[2,1]}}
,"C:\\Users\\34645\\Carlos-Solis-Final-Project-front-202309-mad\\src\\components\\list\\list.tsx": {"path":"C:\\Users\\34645\\Carlos-Solis-Final-Project-front-202309-mad\\src\\components\\list\\list.tsx","statementMap":{"0":{"start":{"line":1,"column":0},"end":{"line":1,"column":36}},"1":{"start":{"line":2,"column":0},"end":{"line":2,"column":40}},"2":{"start":{"line":11,"column":2},"end":{"line":19,"column":4}},"3":{"start":{"line":15,"column":10},"end":{"line":15,"column":30}},"4":{"start":{"line":10,"column":0},"end":{"line":10,"column":16}}},"fnMap":{"0":{"name":"List","decl":{"start":{"line":10,"column":16},"end":{"line":10,"column":20}},"loc":{"start":{"line":10,"column":49},"end":{"line":20,"column":1}}},"1":{"name":"(anonymous_2)","decl":{"start":{"line":14,"column":32},"end":{"line":14,"column":33}},"loc":{"start":{"line":15,"column":10},"end":{"line":15,"column":30}}}},"branchMap":{},"s":{"0":1,"1":1,"2":9,"3":0,"4":1},"f":{"0":9,"1":0},"b":{}}
,"C:\\Users\\34645\\Carlos-Solis-Final-Project-front-202309-mad\\src\\components\\login\\login.tsx": {"path":"C:\\Users\\34645\\Carlos-Solis-Final-Project-front-202309-mad\\src\\components\\login\\login.tsx","statementMap":{"0":{"start":{"line":1,"column":0},"end":{"line":1,"column":60}},"1":{"start":{"line":2,"column":0},"end":{"line":2,"column":41}},"2":{"start":{"line":3,"column":0},"end":{"line":3,"column":51}},"3":{"start":{"line":5,"column":0},"end":{"line":5,"column":53}},"4":{"start":{"line":7,"column":19},"end":{"line":7,"column":32}},"5":{"start":{"line":8,"column":34},"end":{"line":8,"column":49}},"6":{"start":{"line":9,"column":20},"end":{"line":9,"column":30}},"7":{"start":{"line":11,"column":23},"end":{"line":21,"column":3}},"8":{"start":{"line":12,"column":4},"end":{"line":12,"column":27}},"9":{"start":{"line":13,"column":24},"end":{"line":13,"column":55}},"10":{"start":{"line":14,"column":21},"end":{"line":14,"column":46}},"11":{"start":{"line":15,"column":33},"end":{"line":18,"column":6}},"12":{"start":{"line":19,"column":4},"end":{"line":19,"column":21}},"13":{"start":{"line":20,"column":4},"end":{"line":20,"column":22}},"14":{"start":{"line":22,"column":2},"end":{"line":28,"column":27}},"15":{"start":{"line":23,"column":4},"end":{"line":27,"column":5}},"16":{"start":{"line":24,"column":6},"end":{"line":24,"column":24}},"17":{"start":{"line":25,"column":11},"end":{"line":27,"column":5}},"18":{"start":{"line":26,"column":6},"end":{"line":26,"column":20}},"19":{"start":{"line":29,"column":2},"end":{"line":54,"column":4}},"20":{"start":{"line":6,"column":0},"end":{"line":6,"column":16}}},"fnMap":{"0":{"name":"Login","decl":{"start":{"line":6,"column":16},"end":{"line":6,"column":21}},"loc":{"start":{"line":6,"column":21},"end":{"line":55,"column":1}}},"1":{"name":"(anonymous_2)","decl":{"start":{"line":11,"column":23},"end":{"line":11,"column":24}},"loc":{"start":{"line":11,"column":49},"end":{"line":21,"column":3}}},"2":{"name":"(anonymous_3)","decl":{"start":{"line":22,"column":12},"end":{"line":22,"column":15}},"loc":{"start":{"line":22,"column":17},"end":{"line":28,"column":3}}}},"branchMap":{"0":{"loc":{"start":{"line":23,"column":4},"end":{"line":27,"column":5}},"type":"if","locations":[{"start":{"line":23,"column":4},"end":{"line":27,"column":5}},{"start":{"line":25,"column":11},"end":{"line":27,"column":5}}]},"1":{"loc":{"start":{"line":25,"column":11},"end":{"line":27,"column":5}},"type":"if","locations":[{"start":{"line":25,"column":11},"end":{"line":27,"column":5}}]},"2":{"loc":{"start":{"line":31,"column":7},"end":{"line":51,"column":null}},"type":"binary-expr","locations":[{"start":{"line":31,"column":7},"end":{"line":31,"column":16}},{"start":{"line":32,"column":8},"end":{"line":50,"column":null}}]}},"s":{"0":3,"1":3,"2":3,"3":3,"4":9,"5":9,"6":9,"7":9,"8":1,"9":1,"10":1,"11":1,"12":1,"13":1,"14":9,"15":5,"16":2,"17":3,"18":3,"19":9,"20":3},"f":{"0":9,"1":1,"2":5},"b":{"0":[2,3],"1":[3],"2":[9,6]}}
,"C:\\Users\\34645\\Carlos-Solis-Final-Project-front-202309-mad\\src\\components\\logoutButton\\logout.button.tsx": {"path":"C:\\Users\\34645\\Carlos-Solis-Final-Project-front-202309-mad\\src\\components\\logoutButton\\logout.button.tsx","statementMap":{"0":{"start":{"line":1,"column":0},"end":{"line":1,"column":51}},"1":{"start":{"line":2,"column":0},"end":{"line":2,"column":33}},"2":{"start":{"line":3,"column":0},"end":{"line":3,"column":49}},"3":{"start":{"line":4,"column":0},"end":{"line":4,"column":47}},"4":{"start":{"line":7,"column":37},"end":{"line":7,"column":47}},"5":{"start":{"line":8,"column":40},"end":{"line":8,"column":55}},"6":{"start":{"line":9,"column":19},"end":{"line":9,"column":32}},"7":{"start":{"line":11,"column":23},"end":{"line":15,"column":3}},"8":{"start":{"line":12,"column":4},"end":{"line":12,"column":19}},"9":{"start":{"line":13,"column":4},"end":{"line":13,"column":25}},"10":{"start":{"line":14,"column":4},"end":{"line":14,"column":23}},"11":{"start":{"line":17,"column":2},"end":{"line":31,"column":4}},"12":{"start":{"line":6,"column":0},"end":{"line":6,"column":16}}},"fnMap":{"0":{"name":"LogoutButton","decl":{"start":{"line":6,"column":16},"end":{"line":6,"column":28}},"loc":{"start":{"line":6,"column":28},"end":{"line":32,"column":1}}},"1":{"name":"(anonymous_2)","decl":{"start":{"line":11,"column":23},"end":{"line":11,"column":28}},"loc":{"start":{"line":11,"column":34},"end":{"line":15,"column":3}}}},"branchMap":{"0":{"loc":{"start":{"line":19,"column":7},"end":{"line":28,"column":null}},"type":"binary-expr","locations":[{"start":{"line":19,"column":7},"end":{"line":19,"column":19}},{"start":{"line":19,"column":23},"end":{"line":19,"column":50}},{"start":{"line":20,"column":8},"end":{"line":27,"column":null}}]}},"s":{"0":3,"1":3,"2":3,"3":3,"4":6,"5":6,"6":5,"7":5,"8":1,"9":1,"10":1,"11":5,"12":3},"f":{"0":6,"1":1},"b":{"0":[5,3,1]}}
,"C:\\Users\\34645\\Carlos-Solis-Final-Project-front-202309-mad\\src\\components\\pages\\edit.page.tsx": {"path":"C:\\Users\\34645\\Carlos-Solis-Final-Project-front-202309-mad\\src\\components\\pages\\edit.page.tsx","statementMap":{"0":{"start":{"line":1,"column":0},"end":{"line":1,"column":60}},"1":{"start":{"line":2,"column":0},"end":{"line":2,"column":58}},"2":{"start":{"line":3,"column":0},"end":{"line":3,"column":59}},"3":{"start":{"line":5,"column":0},"end":{"line":5,"column":45}},"4":{"start":{"line":8,"column":19},"end":{"line":8,"column":32}},"5":{"start":{"line":9,"column":17},"end":{"line":9,"column":28}},"6":{"start":{"line":10,"column":2},"end":{"line":10,"column":18}},"7":{"start":{"line":16,"column":6},"end":{"line":16,"column":20}},"8":{"start":{"line":18,"column":24},"end":{"line":18,"column":74}},"9":{"start":{"line":18,"column":54},"end":{"line":18,"column":73}},"10":{"start":{"line":20,"column":38},"end":{"line":20,"column":61}},"11":{"start":{"line":22,"column":2},"end":{"line":26,"column":21}},"12":{"start":{"line":23,"column":4},"end":{"line":25,"column":5}},"13":{"start":{"line":24,"column":6},"end":{"line":24,"column":32}},"14":{"start":{"line":28,"column":2},"end":{"line":30,"column":28}},"15":{"start":{"line":29,"column":4},"end":{"line":29,"column":23}},"16":{"start":{"line":32,"column":28},"end":{"line":40,"column":3}},"17":{"start":{"line":35,"column":28},"end":{"line":35,"column":40}},"18":{"start":{"line":36,"column":4},"end":{"line":39,"column":8}},"19":{"start":{"line":36,"column":32},"end":{"line":39,"column":6}},"20":{"start":{"line":42,"column":23},"end":{"line":49,"column":3}},"21":{"start":{"line":43,"column":4},"end":{"line":43,"column":27}},"22":{"start":{"line":44,"column":24},"end":{"line":44,"column":55}},"23":{"start":{"line":45,"column":28},"end":{"line":45,"column":53}},"24":{"start":{"line":46,"column":4},"end":{"line":46,"column":51}},"25":{"start":{"line":47,"column":4},"end":{"line":47,"column":61}},"26":{"start":{"line":48,"column":4},"end":{"line":48,"column":22}},"27":{"start":{"line":51,"column":2},"end":{"line":97,"column":4}},"28":{"start":{"line":7,"column":0},"end":{"line":7,"column":24}}},"fnMap":{"0":{"name":"EditMonumentPage","decl":{"start":{"line":7,"column":24},"end":{"line":7,"column":40}},"loc":{"start":{"line":7,"column":40},"end":{"line":98,"column":1}}},"1":{"name":"(anonymous_2)","decl":{"start":{"line":18,"column":39},"end":{"line":18,"column":40}},"loc":{"start":{"line":18,"column":54},"end":{"line":18,"column":73}}},"2":{"name":"(anonymous_3)","decl":{"start":{"line":22,"column":12},"end":{"line":22,"column":15}},"loc":{"start":{"line":22,"column":17},"end":{"line":26,"column":3}}},"3":{"name":"(anonymous_4)","decl":{"start":{"line":28,"column":12},"end":{"line":28,"column":15}},"loc":{"start":{"line":28,"column":17},"end":{"line":30,"column":3}}},"4":{"name":"(anonymous_5)","decl":{"start":{"line":32,"column":28},"end":{"line":32,"column":null}},"loc":{"start":{"line":34,"column":6},"end":{"line":40,"column":3}}},"5":{"name":"(anonymous_6)","decl":{"start":{"line":36,"column":16},"end":{"line":36,"column":17}},"loc":{"start":{"line":36,"column":32},"end":{"line":39,"column":6}}},"6":{"name":"(anonymous_7)","decl":{"start":{"line":42,"column":23},"end":{"line":42,"column":24}},"loc":{"start":{"line":42,"column":49},"end":{"line":49,"column":3}}}},"branchMap":{"0":{"loc":{"start":{"line":23,"column":4},"end":{"line":25,"column":5}},"type":"if","locations":[{"start":{"line":23,"column":4},"end":{"line":25,"column":5}}]}},"s":{"0":1,"1":1,"2":1,"3":1,"4":1,"5":1,"6":1,"7":1,"8":1,"9":1,"10":1,"11":1,"12":1,"13":1,"14":1,"15":1,"16":1,"17":0,"18":0,"19":0,"20":1,"21":1,"22":1,"23":1,"24":1,"25":1,"26":1,"27":1,"28":1},"f":{"0":1,"1":1,"2":1,"3":1,"4":0,"5":0,"6":1},"b":{"0":[1]}}
,"C:\\Users\\34645\\Carlos-Solis-Final-Project-front-202309-mad\\src\\components\\pages\\error.page.tsx": {"path":"C:\\Users\\34645\\Carlos-Solis-Final-Project-front-202309-mad\\src\\components\\pages\\error.page.tsx","statementMap":{"0":{"start":{"line":4,"column":2},"end":{"line":8,"column":4}},"1":{"start":{"line":3,"column":0},"end":{"line":3,"column":24}}},"fnMap":{"0":{"name":"ErrorPage","decl":{"start":{"line":3,"column":24},"end":{"line":3,"column":33}},"loc":{"start":{"line":3,"column":33},"end":{"line":9,"column":1}}}},"branchMap":{},"s":{"0":1,"1":1},"f":{"0":1},"b":{}}
,"C:\\Users\\34645\\Carlos-Solis-Final-Project-front-202309-mad\\src\\components\\pages\\home.page.tsx": {"path":"C:\\Users\\34645\\Carlos-Solis-Final-Project-front-202309-mad\\src\\components\\pages\\home.page.tsx","statementMap":{"0":{"start":{"line":3,"column":0},"end":{"line":3,"column":40}},"1":{"start":{"line":4,"column":0},"end":{"line":4,"column":50}},"2":{"start":{"line":5,"column":0},"end":{"line":5,"column":42}},"3":{"start":{"line":7,"column":0},"end":{"line":7,"column":45}},"4":{"start":{"line":8,"column":0},"end":{"line":8,"column":34}},"5":{"start":{"line":9,"column":0},"end":{"line":9,"column":59}},"6":{"start":{"line":12,"column":24},"end":{"line":12,"column":79}},"7":{"start":{"line":12,"column":58},"end":{"line":12,"column":78}},"8":{"start":{"line":13,"column":25},"end":{"line":13,"column":76}},"9":{"start":{"line":13,"column":59},"end":{"line":13,"column":75}},"10":{"start":{"line":14,"column":31},"end":{"line":14,"column":45}},"11":{"start":{"line":16,"column":2},"end":{"line":18,"column":25}},"12":{"start":{"line":17,"column":4},"end":{"line":17,"column":23}},"13":{"start":{"line":20,"column":24},"end":{"line":21,"column":null}},"14":{"start":{"line":21,"column":18},"end":{"line":21,"column":61}},"15":{"start":{"line":24,"column":29},"end":{"line":25,"column":null}},"16":{"start":{"line":25,"column":18},"end":{"line":25,"column":46}},"17":{"start":{"line":27,"column":29},"end":{"line":28,"column":null}},"18":{"start":{"line":28,"column":18},"end":{"line":28,"column":47}},"19":{"start":{"line":31,"column":2},"end":{"line":53,"column":4}},"20":{"start":{"line":11,"column":0},"end":{"line":11,"column":24}}},"fnMap":{"0":{"name":"MainPage","decl":{"start":{"line":11,"column":24},"end":{"line":11,"column":32}},"loc":{"start":{"line":11,"column":32},"end":{"line":54,"column":1}}},"1":{"name":"(anonymous_2)","decl":{"start":{"line":12,"column":36},"end":{"line":12,"column":37}},"loc":{"start":{"line":12,"column":58},"end":{"line":12,"column":78}}},"2":{"name":"(anonymous_3)","decl":{"start":{"line":13,"column":37},"end":{"line":13,"column":38}},"loc":{"start":{"line":13,"column":59},"end":{"line":13,"column":75}}},"3":{"name":"(anonymous_4)","decl":{"start":{"line":16,"column":12},"end":{"line":16,"column":15}},"loc":{"start":{"line":16,"column":17},"end":{"line":18,"column":3}}},"4":{"name":"(anonymous_5)","decl":{"start":{"line":21,"column":4},"end":{"line":21,"column":5}},"loc":{"start":{"line":21,"column":18},"end":{"line":21,"column":61}}},"5":{"name":"(anonymous_6)","decl":{"start":{"line":25,"column":4},"end":{"line":25,"column":5}},"loc":{"start":{"line":25,"column":18},"end":{"line":25,"column":46}}},"6":{"name":"(anonymous_7)","decl":{"start":{"line":28,"column":4},"end":{"line":28,"column":5}},"loc":{"start":{"line":28,"column":18},"end":{"line":28,"column":47}}}},"branchMap":{},"s":{"0":1,"1":1,"2":1,"3":1,"4":1,"5":1,"6":3,"7":6,"8":3,"9":6,"10":3,"11":3,"12":1,"13":3,"14":0,"15":3,"16":0,"17":3,"18":0,"19":3,"20":1},"f":{"0":3,"1":6,"2":6,"3":1,"4":0,"5":0,"6":0},"b":{}}
,"C:\\Users\\34645\\Carlos-Solis-Final-Project-front-202309-mad\\src\\components\\pages\\login.page.tsx": {"path":"C:\\Users\\34645\\Carlos-Solis-Final-Project-front-202309-mad\\src\\components\\pages\\login.page.tsx","statementMap":{"0":{"start":{"line":1,"column":0},"end":{"line":1,"column":60}},"1":{"start":{"line":4,"column":2},"end":{"line":8,"column":4}},"2":{"start":{"line":3,"column":0},"end":{"line":3,"column":24}}},"fnMap":{"0":{"name":"LoginPage","decl":{"start":{"line":3,"column":24},"end":{"line":3,"column":33}},"loc":{"start":{"line":3,"column":33},"end":{"line":9,"column":1}}}},"branchMap":{},"s":{"0":2,"1":2,"2":2},"f":{"0":2},"b":{}}
,"C:\\Users\\34645\\Carlos-Solis-Final-Project-front-202309-mad\\src\\components\\pages\\register.page.tsx": {"path":"C:\\Users\\34645\\Carlos-Solis-Final-Project-front-202309-mad\\src\\components\\pages\\register.page.tsx","statementMap":{"0":{"start":{"line":1,"column":0},"end":{"line":1,"column":69}},"1":{"start":{"line":4,"column":2},"end":{"line":8,"column":4}},"2":{"start":{"line":3,"column":0},"end":{"line":3,"column":24}}},"fnMap":{"0":{"name":"RegisterPage","decl":{"start":{"line":3,"column":24},"end":{"line":3,"column":36}},"loc":{"start":{"line":3,"column":36},"end":{"line":9,"column":1}}}},"branchMap":{},"s":{"0":1,"1":1,"2":1},"f":{"0":1},"b":{}}
,"C:\\Users\\34645\\Carlos-Solis-Final-Project-front-202309-mad\\src\\components\\register\\register.tsx": {"path":"C:\\Users\\34645\\Carlos-Solis-Final-Project-front-202309-mad\\src\\components\\register\\register.tsx","statementMap":{"0":{"start":{"line":1,"column":0},"end":{"line":1,"column":49}},"1":{"start":{"line":2,"column":0},"end":{"line":2,"column":51}},"2":{"start":{"line":3,"column":0},"end":{"line":3,"column":43}},"3":{"start":{"line":5,"column":0},"end":{"line":5,"column":40}},"4":{"start":{"line":8,"column":40},"end":{"line":8,"column":55}},"5":{"start":{"line":9,"column":23},"end":{"line":9,"column":33}},"6":{"start":{"line":11,"column":23},"end":{"line":24,"column":3}},"7":{"start":{"line":12,"column":4},"end":{"line":12,"column":27}},"8":{"start":{"line":13,"column":24},"end":{"line":13,"column":55}},"9":{"start":{"line":14,"column":17},"end":{"line":21,"column":23}},"10":{"start":{"line":22,"column":4},"end":{"line":22,"column":19}},"11":{"start":{"line":23,"column":4},"end":{"line":23,"column":25}},"12":{"start":{"line":26,"column":24},"end":{"line":28,"column":3}},"13":{"start":{"line":27,"column":4},"end":{"line":27,"column":26}},"14":{"start":{"line":30,"column":2},"end":{"line":66,"column":4}},"15":{"start":{"line":7,"column":0},"end":{"line":7,"column":16}}},"fnMap":{"0":{"name":"Register","decl":{"start":{"line":7,"column":16},"end":{"line":7,"column":24}},"loc":{"start":{"line":7,"column":24},"end":{"line":67,"column":1}}},"1":{"name":"(anonymous_2)","decl":{"start":{"line":11,"column":23},"end":{"line":11,"column":24}},"loc":{"start":{"line":11,"column":49},"end":{"line":24,"column":3}}},"2":{"name":"(anonymous_3)","decl":{"start":{"line":26,"column":24},"end":{"line":26,"column":27}},"loc":{"start":{"line":26,"column":29},"end":{"line":28,"column":3}}}},"branchMap":{"0":{"loc":{"start":{"line":32,"column":7},"end":{"line":51,"column":null}},"type":"binary-expr","locations":[{"start":{"line":32,"column":7},"end":{"line":32,"column":19}},{"start":{"line":33,"column":8},"end":{"line":50,"column":null}}]},"1":{"loc":{"start":{"line":53,"column":7},"end":{"line":63,"column":null}},"type":"binary-expr","locations":[{"start":{"line":53,"column":7},"end":{"line":53,"column":18}},{"start":{"line":54,"column":8},"end":{"line":62,"column":null}}]}},"s":{"0":2,"1":2,"2":2,"3":2,"4":6,"5":6,"6":6,"7":2,"8":2,"9":2,"10":2,"11":2,"12":6,"13":1,"14":6,"15":2},"f":{"0":6,"1":2,"2":1},"b":{"0":[6,4],"1":[6,2]}}
,"C:\\Users\\34645\\Carlos-Solis-Final-Project-front-202309-mad\\src\\hooks\\monuments.hooks.tsx": {"path":"C:\\Users\\34645\\Carlos-Solis-Final-Project-front-202309-mad\\src\\hooks\\monuments.hooks.tsx","statementMap":{"0":{"start":{"line":1,"column":0},"end":{"line":1,"column":55}},"1":{"start":{"line":3,"column":0},"end":{"line":3,"column":66}},"2":{"start":{"line":4,"column":0},"end":{"line":4,"column":null}},"3":{"start":{"line":10,"column":0},"end":{"line":10,"column":66}},"4":{"start":{"line":12,"column":0},"end":{"line":12,"column":45}},"5":{"start":{"line":15,"column":19},"end":{"line":15,"column":45}},"6":{"start":{"line":17,"column":20},"end":{"line":17,"column":71}},"7":{"start":{"line":17,"column":54},"end":{"line":17,"column":70}},"8":{"start":{"line":23,"column":6},"end":{"line":23,"column":61}},"9":{"start":{"line":23,"column":40},"end":{"line":23,"column":60}},"10":{"start":{"line":24,"column":24},"end":{"line":24,"column":76}},"11":{"start":{"line":24,"column":38},"end":{"line":24,"column":66}},"12":{"start":{"line":26,"column":28},"end":{"line":28,"column":3}},"13":{"start":{"line":27,"column":4},"end":{"line":27,"column":51}},"14":{"start":{"line":30,"column":27},"end":{"line":32,"column":31}},"15":{"start":{"line":31,"column":4},"end":{"line":31,"column":48}},"16":{"start":{"line":34,"column":25},"end":{"line":36,"column":3}},"17":{"start":{"line":35,"column":4},"end":{"line":35,"column":63}},"18":{"start":{"line":38,"column":25},"end":{"line":42,"column":3}},"19":{"start":{"line":39,"column":4},"end":{"line":41,"column":6}},"20":{"start":{"line":44,"column":32},"end":{"line":48,"column":3}},"21":{"start":{"line":45,"column":4},"end":{"line":47,"column":6}},"22":{"start":{"line":50,"column":2},"end":{"line":61,"column":4}},"23":{"start":{"line":14,"column":0},"end":{"line":14,"column":16}}},"fnMap":{"0":{"name":"useMonuments","decl":{"start":{"line":14,"column":16},"end":{"line":14,"column":28}},"loc":{"start":{"line":14,"column":28},"end":{"line":62,"column":1}}},"1":{"name":"(anonymous_1)","decl":{"start":{"line":17,"column":32},"end":{"line":17,"column":33}},"loc":{"start":{"line":17,"column":54},"end":{"line":17,"column":70}}},"2":{"name":"(anonymous_2)","decl":{"start":{"line":23,"column":18},"end":{"line":23,"column":19}},"loc":{"start":{"line":23,"column":40},"end":{"line":23,"column":60}}},"3":{"name":"(anonymous_3)","decl":{"start":{"line":24,"column":32},"end":{"line":24,"column":35}},"loc":{"start":{"line":24,"column":38},"end":{"line":24,"column":66}}},"4":{"name":"(anonymous_4)","decl":{"start":{"line":26,"column":28},"end":{"line":26,"column":33}},"loc":{"start":{"line":26,"column":61},"end":{"line":28,"column":3}}},"5":{"name":"(anonymous_5)","decl":{"start":{"line":30,"column":39},"end":{"line":30,"column":44}},"loc":{"start":{"line":30,"column":50},"end":{"line":32,"column":3}}},"6":{"name":"(anonymous_6)","decl":{"start":{"line":34,"column":25},"end":{"line":34,"column":26}},"loc":{"start":{"line":34,"column":40},"end":{"line":36,"column":3}}},"7":{"name":"(anonymous_7)","decl":{"start":{"line":38,"column":25},"end":{"line":38,"column":26}},"loc":{"start":{"line":38,"column":51},"end":{"line":42,"column":3}}},"8":{"name":"(anonymous_8)","decl":{"start":{"line":44,"column":32},"end":{"line":44,"column":33}},"loc":{"start":{"line":44,"column":75},"end":{"line":48,"column":3}}}},"branchMap":{},"s":{"0":1,"1":1,"2":1,"3":1,"4":1,"5":3,"6":3,"7":6,"8":3,"9":6,"10":3,"11":1,"12":3,"13":0,"14":3,"15":1,"16":3,"17":0,"18":3,"19":0,"20":3,"21":0,"22":3,"23":1},"f":{"0":3,"1":6,"2":6,"3":1,"4":0,"5":1,"6":0,"7":0,"8":0},"b":{}}
,"C:\\Users\\34645\\Carlos-Solis-Final-Project-front-202309-mad\\src\\hooks\\users.hooks.tsx": {"path":"C:\\Users\\34645\\Carlos-Solis-Final-Project-front-202309-mad\\src\\hooks\\users.hooks.tsx","statementMap":{"0":{"start":{"line":1,"column":0},"end":{"line":1,"column":55}},"1":{"start":{"line":2,"column":0},"end":{"line":2,"column":58}},"2":{"start":{"line":3,"column":0},"end":{"line":3,"column":65}},"3":{"start":{"line":5,"column":0},"end":{"line":5,"column":42}},"4":{"start":{"line":9,"column":19},"end":{"line":9,"column":45}},"5":{"start":{"line":10,"column":15},"end":{"line":10,"column":33}},"6":{"start":{"line":11,"column":41},"end":{"line":12,"column":null}},"7":{"start":{"line":12,"column":26},"end":{"line":12,"column":42}},"8":{"start":{"line":15,"column":19},"end":{"line":17,"column":3}},"9":{"start":{"line":16,"column":4},"end":{"line":16,"column":68}},"10":{"start":{"line":19,"column":16},"end":{"line":21,"column":3}},"11":{"start":{"line":20,"column":4},"end":{"line":20,"column":46}},"12":{"start":{"line":23,"column":17},"end":{"line":25,"column":3}},"13":{"start":{"line":24,"column":4},"end":{"line":24,"column":26}},"14":{"start":{"line":27,"column":2},"end":{"line":33,"column":4}},"15":{"start":{"line":8,"column":0},"end":{"line":8,"column":16}}},"fnMap":{"0":{"name":"useUsers","decl":{"start":{"line":8,"column":16},"end":{"line":8,"column":24}},"loc":{"start":{"line":8,"column":24},"end":{"line":34,"column":1}}},"1":{"name":"(anonymous_1)","decl":{"start":{"line":12,"column":4},"end":{"line":12,"column":5}},"loc":{"start":{"line":12,"column":26},"end":{"line":12,"column":42}}},"2":{"name":"(anonymous_2)","decl":{"start":{"line":15,"column":19},"end":{"line":15,"column":20}},"loc":{"start":{"line":15,"column":53},"end":{"line":17,"column":3}}},"3":{"name":"(anonymous_3)","decl":{"start":{"line":19,"column":16},"end":{"line":19,"column":17}},"loc":{"start":{"line":19,"column":41},"end":{"line":21,"column":3}}},"4":{"name":"(anonymous_4)","decl":{"start":{"line":23,"column":17},"end":{"line":23,"column":20}},"loc":{"start":{"line":23,"column":22},"end":{"line":25,"column":3}}}},"branchMap":{},"s":{"0":4,"1":4,"2":4,"3":4,"4":11,"5":11,"6":11,"7":19,"8":11,"9":1,"10":11,"11":1,"12":11,"13":1,"14":11,"15":4},"f":{"0":11,"1":19,"2":1,"3":1,"4":1},"b":{}}
,"C:\\Users\\34645\\Carlos-Solis-Final-Project-front-202309-mad\\src\\services\\api.repo.monuments.ts": {"path":"C:\\Users\\34645\\Carlos-Solis-Final-Project-front-202309-mad\\src\\services\\api.repo.monuments.ts","statementMap":{"0":{"start":{"line":1,"column":0},"end":{"line":1,"column":41}},"1":{"start":{"line":6,"column":14},"end":{"line":6,"column":null}},"2":{"start":{"line":5,"column":2},"end":{"line":5,"column":null}},"3":{"start":{"line":7,"column":4},"end":{"line":7,"column":23}},"4":{"start":{"line":11,"column":16},"end":{"line":11,"column":39}},"5":{"start":{"line":12,"column":4},"end":{"line":12,"column":38}},"6":{"start":{"line":13,"column":21},"end":{"line":19,"column":6}},"7":{"start":{"line":20,"column":4},"end":{"line":21,"column":67}},"8":{"start":{"line":21,"column":6},"end":{"line":21,"column":67}},"9":{"start":{"line":22,"column":4},"end":{"line":22,"column":27}},"10":{"start":{"line":29,"column":16},"end":{"line":29,"column":38}},"11":{"start":{"line":30,"column":21},"end":{"line":36,"column":6}},"12":{"start":{"line":38,"column":4},"end":{"line":39,"column":67}},"13":{"start":{"line":39,"column":6},"end":{"line":39,"column":67}},"14":{"start":{"line":40,"column":4},"end":{"line":40,"column":27}},"15":{"start":{"line":44,"column":16},"end":{"line":44,"column":38}},"16":{"start":{"line":45,"column":21},"end":{"line":50,"column":6}},"17":{"start":{"line":51,"column":4},"end":{"line":52,"column":67}},"18":{"start":{"line":52,"column":6},"end":{"line":52,"column":67}},"19":{"start":{"line":53,"column":4},"end":{"line":53,"column":23}},"20":{"start":{"line":57,"column":16},"end":{"line":57,"column":27}},"21":{"start":{"line":58,"column":21},"end":{"line":60,"column":6}},"22":{"start":{"line":62,"column":4},"end":{"line":63,"column":67}},"23":{"start":{"line":63,"column":6},"end":{"line":63,"column":67}},"24":{"start":{"line":65,"column":4},"end":{"line":65,"column":27}},"25":{"start":{"line":4,"column":0},"end":{"line":4,"column":13}}},"fnMap":{"0":{"name":"(anonymous_0)","decl":{"start":{"line":6,"column":2},"end":{"line":6,"column":14}},"loc":{"start":{"line":6,"column":34},"end":{"line":8,"column":3}}},"1":{"name":"(anonymous_1)","decl":{"start":{"line":10,"column":2},"end":{"line":10,"column":7}},"loc":{"start":{"line":10,"column":44},"end":{"line":23,"column":3}}},"2":{"name":"(anonymous_2)","decl":{"start":{"line":25,"column":2},"end":{"line":25,"column":7}},"loc":{"start":{"line":27,"column":29},"end":{"line":41,"column":3}}},"3":{"name":"(anonymous_3)","decl":{"start":{"line":43,"column":2},"end":{"line":43,"column":7}},"loc":{"start":{"line":43,"column":41},"end":{"line":54,"column":3}}},"4":{"name":"(anonymous_4)","decl":{"start":{"line":56,"column":2},"end":{"line":56,"column":7}},"loc":{"start":{"line":56,"column":23},"end":{"line":66,"column":3}}}},"branchMap":{"0":{"loc":{"start":{"line":20,"column":4},"end":{"line":21,"column":67}},"type":"if","locations":[{"start":{"line":20,"column":4},"end":{"line":21,"column":67}}]},"1":{"loc":{"start":{"line":38,"column":4},"end":{"line":39,"column":67}},"type":"if","locations":[{"start":{"line":38,"column":4},"end":{"line":39,"column":67}}]},"2":{"loc":{"start":{"line":51,"column":4},"end":{"line":52,"column":67}},"type":"if","locations":[{"start":{"line":51,"column":4},"end":{"line":52,"column":67}}]},"3":{"loc":{"start":{"line":62,"column":4},"end":{"line":63,"column":67}},"type":"if","locations":[{"start":{"line":62,"column":4},"end":{"line":63,"column":67}}]}},"s":{"0":3,"1":5,"2":5,"3":5,"4":2,"5":2,"6":2,"7":2,"8":1,"9":1,"10":2,"11":2,"12":2,"13":1,"14":1,"15":2,"16":2,"17":1,"18":1,"19":0,"20":3,"21":3,"22":2,"23":1,"24":1,"25":3},"f":{"0":5,"1":2,"2":2,"3":2,"4":3},"b":{"0":[1],"1":[1],"2":[1],"3":[1]}}
,"C:\\Users\\34645\\Carlos-Solis-Final-Project-front-202309-mad\\src\\services\\api.repo.users.ts": {"path":"C:\\Users\\34645\\Carlos-Solis-Final-Project-front-202309-mad\\src\\services\\api.repo.users.ts","statementMap":{"0":{"start":{"line":1,"column":0},"end":{"line":1,"column":38}},"1":{"start":{"line":6,"column":2},"end":{"line":6,"column":null}},"2":{"start":{"line":9,"column":21},"end":{"line":9,"column":45}},"3":{"start":{"line":10,"column":4},"end":{"line":11,"column":67}},"4":{"start":{"line":11,"column":6},"end":{"line":11,"column":67}},"5":{"start":{"line":12,"column":4},"end":{"line":12,"column":27}},"6":{"start":{"line":16,"column":16},"end":{"line":16,"column":41}},"7":{"start":{"line":17,"column":21},"end":{"line":21,"column":6}},"8":{"start":{"line":22,"column":4},"end":{"line":23,"column":67}},"9":{"start":{"line":23,"column":6},"end":{"line":23,"column":67}},"10":{"start":{"line":24,"column":4},"end":{"line":24,"column":27}},"11":{"start":{"line":28,"column":16},"end":{"line":28,"column":38}},"12":{"start":{"line":29,"column":21},"end":{"line":35,"column":6}},"13":{"start":{"line":36,"column":4},"end":{"line":37,"column":67}},"14":{"start":{"line":37,"column":6},"end":{"line":37,"column":67}},"15":{"start":{"line":38,"column":4},"end":{"line":38,"column":27}},"16":{"start":{"line":5,"column":0},"end":{"line":5,"column":13}}},"fnMap":{"0":{"name":"(anonymous_0)","decl":{"start":{"line":5,"column":0},"end":{"line":5,"column":13}},"loc":{"start":{"line":5,"column":0},"end":{"line":40,"column":1}}},"1":{"name":"(anonymous_1)","decl":{"start":{"line":8,"column":2},"end":{"line":8,"column":7}},"loc":{"start":{"line":8,"column":16},"end":{"line":13,"column":3}}},"2":{"name":"(anonymous_2)","decl":{"start":{"line":15,"column":2},"end":{"line":15,"column":7}},"loc":{"start":{"line":15,"column":39},"end":{"line":25,"column":3}}},"3":{"name":"(anonymous_3)","decl":{"start":{"line":27,"column":2},"end":{"line":27,"column":7}},"loc":{"start":{"line":27,"column":34},"end":{"line":39,"column":3}}}},"branchMap":{"0":{"loc":{"start":{"line":10,"column":4},"end":{"line":11,"column":67}},"type":"if","locations":[{"start":{"line":10,"column":4},"end":{"line":11,"column":67}}]},"1":{"loc":{"start":{"line":22,"column":4},"end":{"line":23,"column":67}},"type":"if","locations":[{"start":{"line":22,"column":4},"end":{"line":23,"column":67}}]},"2":{"loc":{"start":{"line":36,"column":4},"end":{"line":37,"column":67}},"type":"if","locations":[{"start":{"line":36,"column":4},"end":{"line":37,"column":67}}]}},"s":{"0":5,"1":13,"2":2,"3":2,"4":1,"5":1,"6":2,"7":2,"8":2,"9":1,"10":1,"11":2,"12":2,"13":2,"14":1,"15":1,"16":5},"f":{"0":13,"1":2,"2":2,"3":2},"b":{"0":[1],"1":[1],"2":[1]}}
,"C:\\Users\\34645\\Carlos-Solis-Final-Project-front-202309-mad\\src\\slice\\monuments.slice.tsx": {"path":"C:\\Users\\34645\\Carlos-Solis-Final-Project-front-202309-mad\\src\\slice\\monuments.slice.tsx","statementMap":{"0":{"start":{"line":1,"column":0},"end":{"line":1,"column":62}},"1":{"start":{"line":3,"column":0},"end":{"line":3,"column":null}},"2":{"start":{"line":19,"column":37},"end":{"line":26,"column":2}},"3":{"start":{"line":28,"column":13},"end":{"line":135,"column":3}},"4":{"start":{"line":36,"column":6},"end":{"line":36,"column":38}},"5":{"start":{"line":37,"column":6},"end":{"line":37,"column":19}},"6":{"start":{"line":42,"column":4},"end":{"line":45,"column":7}},"7":{"start":{"line":43,"column":6},"end":{"line":43,"column":38}},"8":{"start":{"line":44,"column":6},"end":{"line":44,"column":19}},"9":{"start":{"line":47,"column":4},"end":{"line":54,"column":6}},"10":{"start":{"line":50,"column":8},"end":{"line":50,"column":39}},"11":{"start":{"line":51,"column":8},"end":{"line":51,"column":34}},"12":{"start":{"line":52,"column":8},"end":{"line":52,"column":21}},"13":{"start":{"line":56,"column":4},"end":{"line":59,"column":7}},"14":{"start":{"line":57,"column":6},"end":{"line":57,"column":36}},"15":{"start":{"line":58,"column":6},"end":{"line":58,"column":19}},"16":{"start":{"line":80,"column":4},"end":{"line":90,"column":6}},"17":{"start":{"line":83,"column":8},"end":{"line":86,"column":10}},"18":{"start":{"line":84,"column":46},"end":{"line":84,"column":65}},"19":{"start":{"line":87,"column":8},"end":{"line":87,"column":46}},"20":{"start":{"line":88,"column":8},"end":{"line":88,"column":21}},"21":{"start":{"line":91,"column":4},"end":{"line":94,"column":7}},"22":{"start":{"line":92,"column":6},"end":{"line":92,"column":44}},"23":{"start":{"line":93,"column":6},"end":{"line":93,"column":19}},"24":{"start":{"line":96,"column":4},"end":{"line":99,"column":7}},"25":{"start":{"line":97,"column":6},"end":{"line":97,"column":36}},"26":{"start":{"line":98,"column":6},"end":{"line":98,"column":19}},"27":{"start":{"line":101,"column":4},"end":{"line":107,"column":6}},"28":{"start":{"line":103,"column":47},"end":{"line":106,"column":8}},"29":{"start":{"line":109,"column":4},"end":{"line":128,"column":6}},"30":{"start":{"line":112,"column":34},"end":{"line":113,"column":null}},"31":{"start":{"line":113,"column":20},"end":{"line":113,"column":42}},"32":{"start":{"line":115,"column":8},"end":{"line":123,"column":9}},"33":{"start":{"line":116,"column":10},"end":{"line":116,"column":55}},"34":{"start":{"line":117,"column":10},"end":{"line":122,"column":11}},"35":{"start":{"line":121,"column":12},"end":{"line":121,"column":44}},"36":{"start":{"line":125,"column":8},"end":{"line":125,"column":43}},"37":{"start":{"line":126,"column":8},"end":{"line":126,"column":21}},"38":{"start":{"line":130,"column":4},"end":{"line":133,"column":7}},"39":{"start":{"line":131,"column":6},"end":{"line":131,"column":44}},"40":{"start":{"line":132,"column":6},"end":{"line":132,"column":19}},"41":{"start":{"line":137,"column":0},"end":{"line":137,"column":38}},"42":{"start":{"line":138,"column":15},"end":{"line":138,"column":65}}},"fnMap":{"0":{"name":"(anonymous_0)","decl":{"start":{"line":32,"column":4},"end":{"line":32,"column":26}},"loc":{"start":{"line":34,"column":49},"end":{"line":38,"column":5}}},"1":{"name":"(anonymous_1)","decl":{"start":{"line":41,"column":2},"end":{"line":41,"column":15}},"loc":{"start":{"line":41,"column":23},"end":{"line":134,"column":3}}},"2":{"name":"(anonymous_2)","decl":{"start":{"line":42,"column":48},"end":{"line":42,"column":49}},"loc":{"start":{"line":42,"column":74},"end":{"line":45,"column":5}}},"3":{"name":"(anonymous_3)","decl":{"start":{"line":49,"column":6},"end":{"line":49,"column":7}},"loc":{"start":{"line":49,"column":72},"end":{"line":53,"column":7}}},"4":{"name":"(anonymous_4)","decl":{"start":{"line":56,"column":49},"end":{"line":56,"column":50}},"loc":{"start":{"line":56,"column":75},"end":{"line":59,"column":5}}},"5":{"name":"(anonymous_5)","decl":{"start":{"line":82,"column":6},"end":{"line":82,"column":7}},"loc":{"start":{"line":82,"column":76},"end":{"line":89,"column":7}}},"6":{"name":"(anonymous_6)","decl":{"start":{"line":84,"column":36},"end":{"line":84,"column":37}},"loc":{"start":{"line":84,"column":46},"end":{"line":84,"column":65}}},"7":{"name":"(anonymous_7)","decl":{"start":{"line":91,"column":49},"end":{"line":91,"column":50}},"loc":{"start":{"line":91,"column":75},"end":{"line":94,"column":5}}},"8":{"name":"(anonymous_8)","decl":{"start":{"line":96,"column":50},"end":{"line":96,"column":51}},"loc":{"start":{"line":96,"column":76},"end":{"line":99,"column":5}}},"9":{"name":"(anonymous_9)","decl":{"start":{"line":103,"column":6},"end":{"line":103,"column":7}},"loc":{"start":{"line":103,"column":47},"end":{"line":106,"column":8}}},"10":{"name":"(anonymous_10)","decl":{"start":{"line":111,"column":6},"end":{"line":111,"column":7}},"loc":{"start":{"line":111,"column":70},"end":{"line":127,"column":7}}},"11":{"name":"(anonymous_11)","decl":{"start":{"line":113,"column":10},"end":{"line":113,"column":11}},"loc":{"start":{"line":113,"column":20},"end":{"line":113,"column":42}}},"12":{"name":"(anonymous_12)","decl":{"start":{"line":130,"column":49},"end":{"line":130,"column":50}},"loc":{"start":{"line":130,"column":75},"end":{"line":133,"column":5}}}},"branchMap":{"0":{"loc":{"start":{"line":115,"column":8},"end":{"line":123,"column":9}},"type":"if","locations":[{"start":{"line":115,"column":8},"end":{"line":123,"column":9}}]},"1":{"loc":{"start":{"line":117,"column":10},"end":{"line":122,"column":11}},"type":"if","locations":[{"start":{"line":117,"column":10},"end":{"line":122,"column":11}}]},"2":{"loc":{"start":{"line":118,"column":12},"end":{"line":119,"column":51}},"type":"binary-expr","locations":[{"start":{"line":118,"column":12},"end":{"line":118,"column":33}},{"start":{"line":119,"column":12},"end":{"line":119,"column":51}}]}},"s":{"0":13,"1":13,"2":13,"3":13,"4":1,"5":1,"6":13,"7":3,"8":3,"9":13,"10":1,"11":1,"12":1,"13":13,"14":2,"15":2,"16":13,"17":1,"18":0,"19":1,"20":1,"21":13,"22":3,"23":3,"24":13,"25":1,"26":1,"27":13,"28":1,"29":13,"30":1,"31":1,"32":1,"33":1,"34":1,"35":0,"36":1,"37":1,"38":13,"39":1,"40":1,"41":13,"42":13},"f":{"0":1,"1":13,"2":3,"3":1,"4":2,"5":1,"6":0,"7":3,"8":1,"9":1,"10":1,"11":1,"12":1},"b":{"0":[1],"1":[0],"2":[1,0]}}
,"C:\\Users\\34645\\Carlos-Solis-Final-Project-front-202309-mad\\src\\slice\\monuments.thunk.ts": {"path":"C:\\Users\\34645\\Carlos-Solis-Final-Project-front-202309-mad\\src\\slice\\monuments.thunk.ts","statementMap":{"0":{"start":{"line":1,"column":0},"end":{"line":1,"column":52}},"1":{"start":{"line":5,"column":13},"end":{"line":11,"column":3}},"2":{"start":{"line":9,"column":20},"end":{"line":9,"column":48}},"3":{"start":{"line":10,"column":2},"end":{"line":10,"column":19}},"4":{"start":{"line":21,"column":13},"end":{"line":27,"column":3}},"5":{"start":{"line":25,"column":25},"end":{"line":25,"column":65}},"6":{"start":{"line":26,"column":2},"end":{"line":26,"column":24}},"7":{"start":{"line":29,"column":13},"end":{"line":35,"column":3}},"8":{"start":{"line":33,"column":25},"end":{"line":33,"column":72}},"9":{"start":{"line":34,"column":2},"end":{"line":34,"column":24}},"10":{"start":{"line":37,"column":13},"end":{"line":43,"column":3}},"11":{"start":{"line":41,"column":2},"end":{"line":41,"column":32}},"12":{"start":{"line":42,"column":2},"end":{"line":42,"column":12}}},"fnMap":{"0":{"name":"(anonymous_0)","decl":{"start":{"line":8,"column":10},"end":{"line":8,"column":15}},"loc":{"start":{"line":8,"column":25},"end":{"line":11,"column":1}}},"1":{"name":"(anonymous_1)","decl":{"start":{"line":24,"column":12},"end":{"line":24,"column":17}},"loc":{"start":{"line":24,"column":46},"end":{"line":27,"column":1}}},"2":{"name":"(anonymous_2)","decl":{"start":{"line":32,"column":12},"end":{"line":32,"column":17}},"loc":{"start":{"line":32,"column":53},"end":{"line":35,"column":1}}},"3":{"name":"(anonymous_3)","decl":{"start":{"line":40,"column":12},"end":{"line":40,"column":17}},"loc":{"start":{"line":40,"column":35},"end":{"line":43,"column":1}}}},"branchMap":{},"s":{"0":13,"1":13,"2":3,"3":1,"4":13,"5":1,"6":1,"7":13,"8":1,"9":1,"10":13,"11":2,"12":1},"f":{"0":3,"1":1,"2":1,"3":2},"b":{}}
,"C:\\Users\\34645\\Carlos-Solis-Final-Project-front-202309-mad\\src\\slice\\users.slice.ts": {"path":"C:\\Users\\34645\\Carlos-Solis-Final-Project-front-202309-mad\\src\\slice\\users.slice.ts","statementMap":{"0":{"start":{"line":1,"column":0},"end":{"line":1,"column":62}},"1":{"start":{"line":4,"column":0},"end":{"line":4,"column":58}},"2":{"start":{"line":16,"column":33},"end":{"line":21,"column":2}},"3":{"start":{"line":23,"column":19},"end":{"line":62,"column":2}},"4":{"start":{"line":28,"column":6},"end":{"line":28,"column":35}},"5":{"start":{"line":31,"column":6},"end":{"line":31,"column":25}},"6":{"start":{"line":34,"column":6},"end":{"line":34,"column":30}},"7":{"start":{"line":35,"column":6},"end":{"line":35,"column":25}},"8":{"start":{"line":40,"column":4},"end":{"line":42,"column":7}},"9":{"start":{"line":41,"column":6},"end":{"line":41,"column":39}},"10":{"start":{"line":43,"column":4},"end":{"line":49,"column":7}},"11":{"start":{"line":44,"column":6},"end":{"line":44,"column":37}},"12":{"start":{"line":45,"column":6},"end":{"line":45,"column":30}},"13":{"start":{"line":46,"column":6},"end":{"line":46,"column":25}},"14":{"start":{"line":48,"column":6},"end":{"line":48,"column":19}},"15":{"start":{"line":50,"column":4},"end":{"line":57,"column":6}},"16":{"start":{"line":53,"column":8},"end":{"line":53,"column":40}},"17":{"start":{"line":54,"column":8},"end":{"line":54,"column":40}},"18":{"start":{"line":55,"column":8},"end":{"line":55,"column":36}},"19":{"start":{"line":58,"column":4},"end":{"line":60,"column":7}},"20":{"start":{"line":59,"column":6},"end":{"line":59,"column":46}},"21":{"start":{"line":64,"column":0},"end":{"line":64,"column":34}},"22":{"start":{"line":65,"column":13},"end":{"line":65,"column":37}},"23":{"start":{"line":66,"column":13},"end":{"line":66,"column":48}},"24":{"start":{"line":67,"column":15},"end":{"line":67,"column":47}}},"fnMap":{"0":{"name":"(anonymous_0)","decl":{"start":{"line":27,"column":4},"end":{"line":27,"column":12}},"loc":{"start":{"line":27,"column":26},"end":{"line":29,"column":5}}},"1":{"name":"(anonymous_1)","decl":{"start":{"line":30,"column":4},"end":{"line":30,"column":14}},"loc":{"start":{"line":30,"column":20},"end":{"line":32,"column":5}}},"2":{"name":"(anonymous_2)","decl":{"start":{"line":33,"column":4},"end":{"line":33,"column":10}},"loc":{"start":{"line":33,"column":28},"end":{"line":36,"column":5}}},"3":{"name":"(anonymous_3)","decl":{"start":{"line":39,"column":2},"end":{"line":39,"column":15}},"loc":{"start":{"line":39,"column":23},"end":{"line":61,"column":3}}},"4":{"name":"(anonymous_4)","decl":{"start":{"line":40,"column":40},"end":{"line":40,"column":41}},"loc":{"start":{"line":40,"column":62},"end":{"line":42,"column":5}}},"5":{"name":"(anonymous_5)","decl":{"start":{"line":43,"column":41},"end":{"line":43,"column":42}},"loc":{"start":{"line":43,"column":63},"end":{"line":49,"column":5}}},"6":{"name":"(anonymous_6)","decl":{"start":{"line":52,"column":6},"end":{"line":52,"column":7}},"loc":{"start":{"line":52,"column":71},"end":{"line":56,"column":7}}},"7":{"name":"(anonymous_7)","decl":{"start":{"line":58,"column":45},"end":{"line":58,"column":46}},"loc":{"start":{"line":58,"column":55},"end":{"line":60,"column":5}}}},"branchMap":{},"s":{"0":13,"1":13,"2":13,"3":13,"4":0,"5":1,"6":3,"7":3,"8":13,"9":2,"10":13,"11":1,"12":1,"13":1,"14":1,"15":13,"16":2,"17":2,"18":2,"19":13,"20":2,"21":13,"22":13,"23":13,"24":13},"f":{"0":0,"1":1,"2":3,"3":13,"4":2,"5":1,"6":2,"7":2},"b":{}}
,"C:\\Users\\34645\\Carlos-Solis-Final-Project-front-202309-mad\\src\\slice\\users.thunk.tsx": {"path":"C:\\Users\\34645\\Carlos-Solis-Final-Project-front-202309-mad\\src\\slice\\users.thunk.tsx","statementMap":{"0":{"start":{"line":1,"column":0},"end":{"line":1,"column":52}},"1":{"start":{"line":5,"column":0},"end":{"line":5,"column":39}},"2":{"start":{"line":7,"column":13},"end":{"line":14,"column":3}},"3":{"start":{"line":11,"column":24},"end":{"line":11,"column":51}},"4":{"start":{"line":13,"column":2},"end":{"line":13,"column":23}},"5":{"start":{"line":16,"column":13},"end":{"line":23,"column":3}},"6":{"start":{"line":20,"column":27},"end":{"line":20,"column":60}},"7":{"start":{"line":22,"column":2},"end":{"line":22,"column":26}},"8":{"start":{"line":25,"column":13},"end":{"line":31,"column":2}},"9":{"start":{"line":28,"column":4},"end":{"line":28,"column":23}},"10":{"start":{"line":29,"column":4},"end":{"line":29,"column":28}}},"fnMap":{"0":{"name":"(anonymous_0)","decl":{"start":{"line":10,"column":17},"end":{"line":10,"column":22}},"loc":{"start":{"line":10,"column":47},"end":{"line":14,"column":1}}},"1":{"name":"(anonymous_1)","decl":{"start":{"line":19,"column":20},"end":{"line":19,"column":25}},"loc":{"start":{"line":19,"column":53},"end":{"line":23,"column":1}}},"2":{"name":"(anonymous_2)","decl":{"start":{"line":27,"column":2},"end":{"line":27,"column":7}},"loc":{"start":{"line":27,"column":28},"end":{"line":30,"column":3}}}},"branchMap":{},"s":{"0":13,"1":13,"2":13,"3":1,"4":1,"5":13,"6":1,"7":1,"8":13,"9":1,"10":1},"f":{"0":1,"1":1,"2":1},"b":{}}
}
