TN:
SF:src\components\card\card.tsx
FN:11,Card
FN:39,(anonymous_2)
FNF:2
FNH:1
FNDA:1,Card
FNDA:0,(anonymous_2)
DA:2,1
DA:4,1
DA:5,1
DA:11,1
DA:12,1
DA:14,1
DA:39,0
LF:7
LH:6
BRF:0
BRH:0
end_of_record
TN:
SF:src\components\details\details.tsx
FN:7,Details
FN:10,(anonymous_2)
FN:13,(anonymous_3)
FN:18,(anonymous_4)
FNF:4
FNH:2
FNDA:1,Details
FNDA:2,(anonymous_2)
FNDA:0,(anonymous_3)
FNDA:0,(anonymous_4)
DA:1,1
DA:3,1
DA:4,1
DA:5,1
DA:7,1
DA:8,1
DA:9,1
DA:10,2
DA:12,1
DA:13,1
DA:14,0
DA:15,0
DA:18,1
DA:19,0
DA:22,1
LF:15
LH:12
BRF:0
BRH:0
end_of_record
TN:
SF:src\components\footer\footer.tsx
FN:3,Footer
FNF:1
FNH:1
FNDA:1,Footer
DA:1,1
DA:2,1
DA:3,1
DA:4,1
LF:4
LH:4
BRF:0
BRH:0
end_of_record
TN:
SF:src\components\header\header.tsx
FN:6,Header
FNF:1
FNH:1
FNDA:2,Header
DA:1,2
DA:2,2
DA:3,2
DA:4,2
DA:6,2
DA:7,2
DA:8,2
LF:7
LH:7
BRDA:10,0,0,2
BRDA:10,0,1,1
BRDA:26,1,0,2
BRDA:26,1,1,1
BRF:4
BRH:4
end_of_record
TN:
SF:src\components\login\login.tsx
FN:6,Login
FN:11,(anonymous_2)
FN:22,(anonymous_3)
FNF:3
FNH:3
FNDA:9,Login
FNDA:1,(anonymous_2)
FNDA:5,(anonymous_3)
DA:1,3
DA:2,3
DA:3,3
DA:5,3
DA:6,3
DA:7,9
DA:8,9
DA:9,9
DA:11,9
DA:12,1
DA:13,1
DA:14,1
DA:15,1
DA:19,1
DA:20,1
DA:22,9
DA:23,5
DA:24,2
DA:25,3
DA:26,3
DA:29,9
LF:21
LH:21
BRDA:23,0,0,2
BRDA:23,0,1,3
BRDA:25,1,0,3
BRDA:31,2,0,9
BRDA:31,2,1,6
BRF:5
BRH:5
end_of_record
TN:
SF:src\components\logoutButton\logout.button.tsx
FN:6,LogoutButton
FN:11,(anonymous_2)
FNF:2
FNH:2
FNDA:6,LogoutButton
FNDA:1,(anonymous_2)
DA:1,3
DA:2,3
DA:3,3
DA:4,3
DA:6,3
DA:7,6
DA:8,6
DA:9,5
DA:11,5
DA:12,1
DA:13,1
DA:14,1
DA:17,5
LF:13
LH:13
BRDA:19,0,0,5
BRDA:19,0,1,3
BRDA:19,0,2,1
BRF:3
BRH:3
end_of_record
TN:
SF:src\components\pages\error.page.tsx
FN:3,ErrorPage
FNF:1
FNH:1
FNDA:1,ErrorPage
DA:3,1
DA:4,1
LF:2
LH:2
BRF:0
BRH:0
end_of_record
TN:
SF:src\components\pages\login.page.tsx
FN:3,LoginPage
FNF:1
FNH:1
FNDA:2,LoginPage
DA:1,2
DA:3,2
DA:4,2
LF:3
LH:3
BRF:0
BRH:0
end_of_record
TN:
SF:src\components\pages\register.page.tsx
FN:3,RegisterPage
FNF:1
FNH:1
FNDA:1,RegisterPage
DA:1,1
DA:3,1
DA:4,1
LF:3
LH:3
BRF:0
BRH:0
end_of_record
TN:
SF:src\components\register\register.tsx
FN:7,Register
FN:11,(anonymous_2)
FN:26,(anonymous_3)
FNF:3
FNH:3
FNDA:6,Register
FNDA:2,(anonymous_2)
FNDA:1,(anonymous_3)
DA:1,2
DA:2,2
DA:3,2
DA:5,2
DA:7,2
DA:8,6
DA:9,6
DA:11,6
DA:12,2
DA:13,2
DA:14,2
DA:22,2
DA:23,2
DA:26,6
DA:27,1
DA:30,6
LF:16
LH:16
BRDA:32,0,0,6
BRDA:32,0,1,4
BRDA:53,1,0,6
BRDA:53,1,1,2
BRF:4
BRH:4
end_of_record
TN:
SF:src\hooks\users.hooks.tsx
FN:8,useUsers
FN:12,(anonymous_1)
FN:15,(anonymous_2)
FN:19,(anonymous_3)
FN:23,(anonymous_4)
FNF:5
FNH:5
FNDA:11,useUsers
FNDA:19,(anonymous_1)
FNDA:1,(anonymous_2)
FNDA:1,(anonymous_3)
FNDA:1,(anonymous_4)
DA:1,4
DA:2,4
DA:3,4
DA:5,4
DA:8,4
DA:9,11
DA:10,11
DA:11,11
DA:12,19
DA:15,11
DA:16,1
DA:19,11
DA:20,1
DA:23,11
DA:24,1
DA:27,11
LF:16
LH:16
BRF:0
BRH:0
end_of_record
TN:
SF:src\services\api.repo.monuments.ts
FN:6,(anonymous_0)
FN:10,(anonymous_1)
FN:25,(anonymous_2)
FN:43,(anonymous_3)
FN:56,(anonymous_4)
FNF:5
FNH:5
FNDA:2,(anonymous_0)
FNDA:2,(anonymous_1)
FNDA:2,(anonymous_2)
FNDA:1,(anonymous_3)
FNDA:2,(anonymous_4)
DA:1,1
DA:4,1
DA:5,2
DA:6,2
DA:7,2
DA:11,2
DA:12,2
DA:13,2
DA:20,2
DA:21,1
DA:22,1
DA:29,2
DA:30,2
DA:38,2
DA:39,1
DA:40,1
DA:44,1
DA:45,1
DA:51,1
DA:52,1
DA:53,0
DA:57,2
DA:58,2
DA:62,2
DA:63,1
DA:65,1
LF:26
LH:25
BRDA:20,0,0,1
BRDA:38,1,0,1
BRDA:51,2,0,1
BRDA:62,3,0,1
BRF:4
BRH:4
end_of_record
TN:
SF:src\services\api.repo.users.ts
FN:5,(anonymous_0)
FN:8,(anonymous_1)
FN:15,(anonymous_2)
FN:27,(anonymous_3)
FNF:4
FNH:4
FNDA:13,(anonymous_0)
FNDA:2,(anonymous_1)
FNDA:2,(anonymous_2)
FNDA:2,(anonymous_3)
DA:1,5
DA:5,5
DA:6,13
DA:9,2
DA:10,2
DA:11,1
DA:12,1
DA:16,2
DA:17,2
DA:22,2
DA:23,1
DA:24,1
DA:28,2
DA:29,2
DA:36,2
DA:37,1
DA:38,1
LF:17
LH:17
BRDA:10,0,0,1
BRDA:22,1,0,1
BRDA:36,2,0,1
BRF:3
BRH:3
end_of_record
TN:
SF:src\slice\monuments.slice.tsx
FN:32,(anonymous_0)
FN:41,(anonymous_1)
FN:42,(anonymous_2)
FN:49,(anonymous_3)
FN:56,(anonymous_4)
FN:82,(anonymous_5)
FN:84,(anonymous_6)
FN:91,(anonymous_7)
FN:96,(anonymous_8)
FN:103,(anonymous_9)
FN:111,(anonymous_10)
FN:113,(anonymous_11)
FN:130,(anonymous_12)
FNF:13
FNH:10
FNDA:0,(anonymous_0)
FNDA:11,(anonymous_1)
FNDA:2,(anonymous_2)
FNDA:1,(anonymous_3)
FNDA:1,(anonymous_4)
FNDA:1,(anonymous_5)
FNDA:0,(anonymous_6)
FNDA:1,(anonymous_7)
FNDA:0,(anonymous_8)
FNDA:1,(anonymous_9)
FNDA:1,(anonymous_10)
FNDA:1,(anonymous_11)
FNDA:1,(anonymous_12)
DA:1,11
DA:3,11
DA:19,11
DA:28,11
DA:36,0
DA:37,0
DA:42,11
DA:43,2
DA:44,2
DA:47,11
DA:50,1
DA:51,1
DA:52,1
DA:56,11
DA:57,1
DA:58,1
DA:80,11
DA:83,1
DA:84,0
DA:87,1
DA:88,1
DA:91,11
DA:92,1
DA:93,1
DA:96,11
DA:97,0
DA:98,0
DA:101,11
DA:103,1
DA:109,11
DA:112,1
DA:113,1
DA:115,1
DA:116,1
DA:117,1
DA:121,0
DA:125,1
DA:126,1
DA:130,11
DA:131,1
DA:132,1
DA:137,11
DA:138,11
LF:43
LH:37
BRDA:115,0,0,1
BRDA:117,1,0,0
BRDA:118,2,0,1
BRDA:118,2,1,0
BRF:4
BRH:2
end_of_record
TN:
SF:src\slice\monuments.thunk.ts
FN:8,(anonymous_0)
FN:24,(anonymous_1)
FN:32,(anonymous_2)
FN:40,(anonymous_3)
FNF:4
FNH:4
FNDA:2,(anonymous_0)
FNDA:1,(anonymous_1)
FNDA:1,(anonymous_2)
FNDA:1,(anonymous_3)
DA:1,11
DA:5,11
DA:9,2
DA:10,1
DA:21,11
DA:25,1
DA:26,1
DA:29,11
DA:33,1
DA:34,1
DA:37,11
DA:41,1
DA:42,1
LF:13
LH:13
BRF:0
BRH:0
end_of_record
TN:
SF:src\slice\users.slice.ts
FN:27,(anonymous_0)
FN:30,(anonymous_1)
FN:33,(anonymous_2)
FN:39,(anonymous_3)
FN:40,(anonymous_4)
FN:43,(anonymous_5)
FN:52,(anonymous_6)
FN:58,(anonymous_7)
FNF:8
FNH:7
FNDA:0,(anonymous_0)
FNDA:1,(anonymous_1)
FNDA:3,(anonymous_2)
FNDA:12,(anonymous_3)
FNDA:2,(anonymous_4)
FNDA:1,(anonymous_5)
FNDA:2,(anonymous_6)
FNDA:2,(anonymous_7)
DA:1,12
DA:4,12
DA:16,12
DA:23,12
DA:28,0
DA:31,1
DA:34,3
DA:35,3
DA:40,12
DA:41,2
DA:43,12
DA:44,1
DA:45,1
DA:46,1
DA:48,1
DA:50,12
DA:53,2
DA:54,2
DA:55,2
DA:58,12
DA:59,2
DA:64,12
DA:65,12
DA:66,12
DA:67,12
LF:25
LH:24
BRF:0
BRH:0
end_of_record
TN:
SF:src\slice\users.thunk.tsx
FN:10,(anonymous_0)
FN:19,(anonymous_1)
FN:27,(anonymous_2)
FNF:3
FNH:3
FNDA:1,(anonymous_0)
FNDA:1,(anonymous_1)
FNDA:1,(anonymous_2)
DA:1,12
DA:5,12
DA:7,12
DA:11,1
DA:13,1
DA:16,12
DA:20,1
DA:22,1
DA:25,12
DA:28,1
DA:29,1
LF:11
LH:11
BRF:0
BRH:0
end_of_record
