TN:
SF:src\components\header\header.tsx
FN:6,Header
FNF:1
FNH:1
FNDA:3,Header
DA:1,1
DA:2,1
DA:3,1
DA:4,1
DA:6,1
DA:7,3
DA:8,0
LF:7
LH:6
BRDA:10,0,0,0
BRDA:10,0,1,0
BRDA:26,1,0,0
BRDA:26,1,1,0
BRF:4
BRH:0
end_of_record
TN:
SF:src\components\login\login.tsx
FN:7,Login
FN:12,(anonymous_1)
FN:23,(anonymous_2)
FNF:3
FNH:2
FNDA:1,Login
FNDA:0,(anonymous_1)
FNDA:1,(anonymous_2)
DA:1,1
DA:3,1
DA:5,1
DA:7,1
DA:8,1
DA:9,1
DA:10,1
DA:12,1
DA:13,0
DA:14,0
DA:15,0
DA:16,0
DA:20,0
DA:21,0
DA:23,1
DA:24,1
DA:25,0
DA:28,1
LF:18
LH:11
BRDA:24,0,0,0
BRDA:31,1,0,1
BRDA:31,1,1,1
BRF:3
BRH:2
end_of_record
TN:
SF:src\components\logoutButton\logout.button.tsx
FN:4,LogoutButton
FNF:1
FNH:0
FNDA:0,LogoutButton
DA:1,1
DA:2,1
DA:4,1
DA:5,0
DA:7,0
LF:5
LH:3
BRDA:9,0,0,0
BRDA:9,0,1,0
BRF:2
BRH:0
end_of_record
TN:
SF:src\components\pages\error.page.tsx
FN:3,ErrorPage
FNF:1
FNH:1
FNDA:1,ErrorPage
DA:3,1
DA:4,1
LF:2
LH:2
BRF:0
BRH:0
end_of_record
TN:
SF:src\components\pages\login.page.tsx
FN:3,LoginPage
FNF:1
FNH:1
FNDA:1,LoginPage
DA:1,1
DA:3,1
DA:4,1
LF:3
LH:3
BRF:0
BRH:0
end_of_record
TN:
SF:src\components\pages\register.page.tsx
FN:3,RegisterPage
FNF:1
FNH:1
FNDA:1,RegisterPage
DA:1,1
DA:3,1
DA:4,1
LF:3
LH:3
BRF:0
BRH:0
end_of_record
TN:
SF:src\components\register\register.tsx
FN:7,Register
FN:11,(anonymous_1)
FN:26,(anonymous_2)
FNF:3
FNH:3
FNDA:6,Register
FNDA:2,(anonymous_1)
FNDA:1,(anonymous_2)
DA:1,2
DA:2,2
DA:3,2
DA:5,2
DA:7,2
DA:8,6
DA:9,6
DA:11,6
DA:12,2
DA:13,2
DA:14,2
DA:22,2
DA:23,2
DA:26,6
DA:27,1
DA:30,6
LF:16
LH:16
BRDA:33,0,0,6
BRDA:33,0,1,4
BRDA:47,1,0,6
BRDA:47,1,1,2
BRF:4
BRH:4
end_of_record
TN:
SF:src\hooks\users.hooks.tsx
FN:8,useUsers
FN:12,(anonymous_1)
FN:15,(anonymous_2)
FN:19,(anonymous_3)
FN:23,(anonymous_4)
FNF:5
FNH:5
FNDA:8,useUsers
FNDA:10,(anonymous_1)
FNDA:1,(anonymous_2)
FNDA:1,(anonymous_3)
FNDA:1,(anonymous_4)
DA:1,5
DA:2,5
DA:3,5
DA:5,5
DA:8,5
DA:9,8
DA:10,5
DA:11,5
DA:12,10
DA:15,5
DA:16,1
DA:19,5
DA:20,1
DA:23,5
DA:24,1
DA:25,1
DA:28,5
LF:17
LH:17
BRF:0
BRH:0
end_of_record
TN:
SF:src\services\api.repo.users.ts
FN:5,(anonymous_0)
FN:8,(anonymous_1)
FN:15,(anonymous_2)
FN:27,(anonymous_3)
FNF:4
FNH:4
FNDA:7,(anonymous_0)
FNDA:2,(anonymous_1)
FNDA:2,(anonymous_2)
FNDA:2,(anonymous_3)
DA:1,6
DA:5,6
DA:6,7
DA:9,2
DA:10,2
DA:11,1
DA:12,1
DA:16,2
DA:17,2
DA:22,2
DA:23,1
DA:24,1
DA:28,2
DA:29,2
DA:36,2
DA:37,1
DA:38,1
LF:17
LH:17
BRDA:10,0,0,1
BRDA:22,1,0,1
BRDA:36,2,0,1
BRF:3
BRH:3
end_of_record
TN:
SF:src\slice\monuments.slice.tsx
FN:33,(anonymous_0)
FN:42,(anonymous_1)
FN:43,(anonymous_2)
FN:50,(anonymous_3)
FN:57,(anonymous_4)
FN:62,(anonymous_5)
FN:69,(anonymous_6)
FN:76,(anonymous_7)
FN:83,(anonymous_8)
FN:85,(anonymous_9)
FN:94,(anonymous_10)
FN:101,(anonymous_11)
FN:104,(anonymous_12)
FN:112,(anonymous_13)
FNF:14
FNH:12
FNDA:0,(anonymous_0)
FNDA:6,(anonymous_1)
FNDA:2,(anonymous_2)
FNDA:1,(anonymous_3)
FNDA:1,(anonymous_4)
FNDA:2,(anonymous_5)
FNDA:1,(anonymous_6)
FNDA:1,(anonymous_7)
FNDA:1,(anonymous_8)
FNDA:0,(anonymous_9)
FNDA:1,(anonymous_10)
FNDA:1,(anonymous_11)
FNDA:1,(anonymous_12)
FNDA:1,(anonymous_13)
DA:1,6
DA:3,6
DA:20,6
DA:29,6
DA:37,0
DA:38,0
DA:43,6
DA:44,2
DA:45,2
DA:48,6
DA:51,1
DA:52,1
DA:53,1
DA:57,6
DA:58,1
DA:59,1
DA:62,6
DA:63,2
DA:64,2
DA:67,6
DA:70,1
DA:71,1
DA:72,1
DA:76,6
DA:77,1
DA:78,1
DA:81,6
DA:84,1
DA:85,0
DA:88,1
DA:92,6
DA:94,1
DA:99,6
DA:103,1
DA:104,1
DA:106,1
DA:107,1
DA:108,1
DA:112,6
DA:113,1
DA:114,1
DA:119,6
DA:120,6
LF:43
LH:40
BRF:0
BRH:0
end_of_record
TN:
SF:src\slice\monuments.thunk.ts
FN:8,(anonymous_0)
FN:16,(anonymous_1)
FN:24,(anonymous_2)
FN:32,(anonymous_3)
FN:40,(anonymous_4)
FNF:5
FNH:5
FNDA:2,(anonymous_0)
FNDA:2,(anonymous_1)
FNDA:1,(anonymous_2)
FNDA:1,(anonymous_3)
FNDA:1,(anonymous_4)
DA:1,6
DA:5,6
DA:9,2
DA:10,1
DA:13,6
DA:17,2
DA:18,1
DA:21,6
DA:25,1
DA:26,1
DA:29,6
DA:33,1
DA:34,1
DA:37,6
DA:41,1
DA:42,1
LF:16
LH:16
BRF:0
BRH:0
end_of_record
TN:
SF:src\slice\users.slice.ts
FN:27,(anonymous_0)
FN:30,(anonymous_1)
FN:33,(anonymous_2)
FN:39,(anonymous_3)
FN:40,(anonymous_4)
FN:43,(anonymous_5)
FN:52,(anonymous_6)
FN:58,(anonymous_7)
FNF:8
FNH:1
FNDA:0,(anonymous_0)
FNDA:0,(anonymous_1)
FNDA:0,(anonymous_2)
FNDA:6,(anonymous_3)
FNDA:0,(anonymous_4)
FNDA:0,(anonymous_5)
FNDA:0,(anonymous_6)
FNDA:0,(anonymous_7)
DA:1,8
DA:4,8
DA:16,8
DA:23,8
DA:28,0
DA:31,0
DA:34,0
DA:35,0
DA:40,6
DA:41,0
DA:43,6
DA:44,0
DA:45,0
DA:46,0
DA:48,0
DA:50,6
DA:53,0
DA:54,0
DA:55,0
DA:58,6
DA:59,0
DA:64,8
DA:65,8
DA:66,8
DA:67,8
LF:25
LH:12
BRF:0
BRH:0
end_of_record
TN:
SF:src\slice\users.thunk.tsx
FN:10,(anonymous_0)
FN:19,(anonymous_1)
FN:27,(anonymous_2)
FNF:3
FNH:0
FNDA:0,(anonymous_0)
FNDA:0,(anonymous_1)
FNDA:0,(anonymous_2)
DA:1,8
DA:5,8
DA:7,8
DA:11,0
DA:13,0
DA:16,8
DA:20,0
DA:22,0
DA:25,8
DA:28,0
DA:29,0
LF:11
LH:5
BRF:0
BRH:0
end_of_record
